INFO 2025-05-20 10:35:22,796 autoreload 91915 8462421120 Watching for file changes with StatReloader
WARNING 2025-05-20 11:08:26,645 log 91915 6141374464 Not Found: /api/crypto/technical-indicators/BTCUSDT/
WARNING 2025-05-20 11:08:26,646 basehttp 91915 6141374464 "GET /api/crypto/technical-indicators/BTCUSDT/?language=zh-CN HTTP/1.1" 404 108
WARNING 2025-05-20 11:08:26,675 log 91915 6141374464 Not Found: /api/crypto/technical-indicators/BTCUSDT/
WARNING 2025-05-20 11:08:26,675 basehttp 91915 6141374464 "GET /api/crypto/technical-indicators/BTCUSDT/?language=zh-CN HTTP/1.1" 404 108
WARNING 2025-05-20 11:08:58,978 log 91915 6141374464 Not Found: /api/crypto/technical-indicators/BTCUSDT/
WARNING 2025-05-20 11:08:58,979 basehttp 91915 6141374464 "GET /api/crypto/technical-indicators/BTCUSDT/?language=zh-CN HTTP/1.1" 404 108
WARNING 2025-05-20 11:08:58,999 log 91915 6141374464 Not Found: /api/crypto/technical-indicators/BTCUSDT/
WARNING 2025-05-20 11:08:59,000 basehttp 91915 6141374464 "GET /api/crypto/technical-indicators/BTCUSDT/?language=zh-CN HTTP/1.1" 404 108
INFO 2025-05-20 11:09:00,702 basehttp 91915 6141374464 "OPTIONS /api/auth/profile/ HTTP/1.1" 200 0
INFO 2025-05-20 11:09:00,733 basehttp 91915 6175027200 "GET /api/auth/profile/ HTTP/1.1" 200 194
INFO 2025-05-20 11:09:00,737 basehttp 91915 6141374464 "PUT /api/auth/profile/ HTTP/1.1" 200 219
WARNING 2025-05-20 11:09:00,739 log 91915 6191853568 Not Found: /api/crypto/technical-indicators/BTCUSDT/
WARNING 2025-05-20 11:09:00,739 basehttp 91915 6191853568 "GET /api/crypto/technical-indicators/BTCUSDT/?language=zh-CN HTTP/1.1" 404 108
INFO 2025-05-20 11:09:02,722 basehttp 91915 6141374464 "PUT /api/auth/profile/ HTTP/1.1" 200 219
INFO 2025-05-20 11:09:02,728 basehttp 91915 6175027200 "PUT /api/auth/profile/ HTTP/1.1" 200 219
WARNING 2025-05-20 11:09:02,730 log 91915 6191853568 Not Found: /api/crypto/technical-indicators/BTCUSDT/
WARNING 2025-05-20 11:09:02,731 basehttp 91915 6191853568 "GET /api/crypto/technical-indicators/BTCUSDT/?language=zh-CN HTTP/1.1" 404 108
INFO 2025-05-20 11:09:04,403 basehttp 91915 6141374464 "GET /api/crypto/technical-indicators/BTCUSDT/?language=en-US HTTP/1.1" 200 3214
INFO 2025-05-20 11:09:04,423 basehttp 91915 6141374464 "GET /api/crypto/technical-indicators/BTCUSDT/?language=en-US HTTP/1.1" 200 3214
INFO 2025-05-20 14:56:44,658 basehttp 91915 6141374464 "GET /api/crypto/get_report/BTCUSDT/?language=en-US HTTP/1.1" 200 2618
INFO 2025-05-20 14:57:33,138 basehttp 91915 6175600640 "GET /api/crypto/technical-indicators/BTCUSDT/?language=en-US HTTP/1.1" 200 2922
INFO 2025-05-20 14:57:33,164 basehttp 91915 6175600640 "GET /api/crypto/technical-indicators/BTCUSDT/?language=en-US HTTP/1.1" 200 2922
INFO 2025-05-20 14:58:02,990 basehttp 91915 6175600640 "OPTIONS /api/auth/profile/ HTTP/1.1" 200 0
INFO 2025-05-20 14:58:03,038 basehttp 91915 6209253376 "GET /api/crypto/technical-indicators/BTCUSDT/?language=en-US HTTP/1.1" 200 2922
INFO 2025-05-20 14:58:03,063 basehttp 91915 6192427008 "GET /api/auth/profile/ HTTP/1.1" 200 194
INFO 2025-05-20 14:58:03,066 basehttp 91915 6175600640 "PUT /api/auth/profile/ HTTP/1.1" 200 219
INFO 2025-05-20 14:58:05,940 basehttp 91915 6175600640 "GET /api/crypto/technical-indicators/BTCUSDT/?language=en-US HTTP/1.1" 200 2922
INFO 2025-05-20 14:58:05,959 basehttp 91915 6175600640 "GET /api/crypto/technical-indicators/BTCUSDT/?language=en-US HTTP/1.1" 200 2922
INFO 2025-05-20 14:58:09,668 basehttp 91915 6192427008 "GET /api/auth/profile/ HTTP/1.1" 200 194
INFO 2025-05-20 14:58:09,669 basehttp 91915 6175600640 "PUT /api/auth/profile/ HTTP/1.1" 200 219
INFO 2025-05-20 14:58:09,681 basehttp 91915 6209253376 "GET /api/crypto/technical-indicators/BTCUSDT/?language=en-US HTTP/1.1" 200 2922
INFO 2025-05-20 14:58:09,696 basehttp 91915 6192427008 "GET /api/crypto/technical-indicators/BTCUSDT/?language=en-US HTTP/1.1" 200 2922
INFO 2025-05-20 14:58:11,526 basehttp 91915 6175600640 "PUT /api/auth/profile/ HTTP/1.1" 200 219
INFO 2025-05-20 14:58:11,530 basehttp 91915 6209253376 "PUT /api/auth/profile/ HTTP/1.1" 200 219
INFO 2025-05-20 14:58:11,536 basehttp 91915 6192427008 "GET /api/crypto/technical-indicators/BTCUSDT/?language=en-US HTTP/1.1" 200 2922
INFO 2025-05-20 14:58:11,554 basehttp 91915 6192427008 "GET /api/crypto/technical-indicators/BTCUSDT/?language=en-US HTTP/1.1" 200 2922
WARNING 2025-05-20 14:58:13,322 log 91915 6192427008 Not Found: /api/crypto/technical-indicators/BTCUSDT/
WARNING 2025-05-20 14:58:13,322 basehttp 91915 6192427008 "GET /api/crypto/technical-indicators/BTCUSDT/?language=ja-JP HTTP/1.1" 404 108
WARNING 2025-05-20 14:58:13,342 log 91915 6192427008 Not Found: /api/crypto/technical-indicators/BTCUSDT/
WARNING 2025-05-20 14:58:13,342 basehttp 91915 6192427008 "GET /api/crypto/technical-indicators/BTCUSDT/?language=ja-JP HTTP/1.1" 404 108
INFO 2025-05-20 14:58:29,525 basehttp 91915 6175600640 "GET /api/crypto/get_report/BTCUSDT/?language=ja-JP&_t=1747753096208 HTTP/1.1" 200 3034
INFO 2025-05-20 14:58:30,421 basehttp 91915 6175600640 "GET /api/crypto/technical-indicators/BTCUSDT/?language=ja-JP HTTP/1.1" 200 3334
INFO 2025-05-20 14:58:31,482 basehttp 91915 6175600640 "GET /api/crypto/technical-indicators/BTCUSDT/?language=ja-JP HTTP/1.1" 200 3334
INFO 2025-05-20 15:00:58,705 basehttp 91915 6175600640 "GET /api/crypto/technical-indicators/BTCUSDT/?language=ja-JP HTTP/1.1" 200 3334
INFO 2025-05-20 15:00:58,731 basehttp 91915 6175600640 "GET /api/crypto/technical-indicators/BTCUSDT/?language=ja-JP HTTP/1.1" 200 3334
INFO 2025-05-20 15:01:09,639 basehttp 91915 6175600640 "GET /api/crypto/technical-indicators/BTCUSDT/?language=ja-JP HTTP/1.1" 200 3334
INFO 2025-05-20 15:01:09,678 basehttp 91915 6175600640 "GET /api/crypto/technical-indicators/BTCUSDT/?language=ja-JP HTTP/1.1" 200 3334
INFO 2025-05-20 15:01:40,493 basehttp 91915 6192427008 "GET /api/auth/profile/ HTTP/1.1" 200 194
INFO 2025-05-20 15:01:40,502 basehttp 91915 6209253376 "GET /api/crypto/technical-indicators/BTCUSDT/?language=ja-JP HTTP/1.1" 200 3334
INFO 2025-05-20 15:01:40,517 basehttp 91915 6175600640 "PUT /api/auth/profile/ HTTP/1.1" 200 219
INFO 2025-05-20 15:01:43,289 basehttp 91915 6175600640 "PUT /api/auth/profile/ HTTP/1.1" 200 219
INFO 2025-05-20 15:01:43,298 basehttp 91915 6209253376 "PUT /api/auth/profile/ HTTP/1.1" 200 219
INFO 2025-05-20 15:01:43,307 basehttp 91915 6192427008 "GET /api/crypto/technical-indicators/BTCUSDT/?language=ja-JP HTTP/1.1" 200 3334
WARNING 2025-05-20 15:01:45,360 log 91915 6175600640 Not Found: /api/crypto/technical-indicators/BTCUSDT/
WARNING 2025-05-20 15:01:45,360 basehttp 91915 6175600640 "GET /api/crypto/technical-indicators/BTCUSDT/?language=zh-CN HTTP/1.1" 404 108
WARNING 2025-05-20 15:01:45,378 log 91915 6175600640 Not Found: /api/crypto/technical-indicators/BTCUSDT/
WARNING 2025-05-20 15:01:45,378 basehttp 91915 6175600640 "GET /api/crypto/technical-indicators/BTCUSDT/?language=zh-CN HTTP/1.1" 404 108
INFO 2025-05-20 15:01:50,356 basehttp 91915 6192427008 "GET /api/auth/profile/ HTTP/1.1" 200 194
INFO 2025-05-20 15:01:50,363 basehttp 91915 6175600640 "PUT /api/auth/profile/ HTTP/1.1" 200 219
WARNING 2025-05-20 15:01:50,364 log 91915 6209253376 Not Found: /api/crypto/technical-indicators/BTCUSDT/
WARNING 2025-05-20 15:01:50,364 basehttp 91915 6209253376 "GET /api/crypto/technical-indicators/BTCUSDT/?language=zh-CN HTTP/1.1" 404 108
WARNING 2025-05-20 15:01:50,374 log 91915 6192427008 Not Found: /api/crypto/technical-indicators/BTCUSDT/
WARNING 2025-05-20 15:01:50,374 basehttp 91915 6192427008 "GET /api/crypto/technical-indicators/BTCUSDT/?language=zh-CN HTTP/1.1" 404 108
INFO 2025-05-20 15:01:52,703 basehttp 91915 6175600640 "PUT /api/auth/profile/ HTTP/1.1" 200 219
INFO 2025-05-20 15:01:52,705 basehttp 91915 6192427008 "PUT /api/auth/profile/ HTTP/1.1" 200 219
WARNING 2025-05-20 15:01:52,708 log 91915 6209253376 Not Found: /api/crypto/technical-indicators/BTCUSDT/
WARNING 2025-05-20 15:01:52,708 basehttp 91915 6209253376 "GET /api/crypto/technical-indicators/BTCUSDT/?language=zh-CN HTTP/1.1" 404 108
WARNING 2025-05-20 15:01:52,718 log 91915 6192427008 Not Found: /api/crypto/technical-indicators/BTCUSDT/
WARNING 2025-05-20 15:01:52,718 basehttp 91915 6192427008 "GET /api/crypto/technical-indicators/BTCUSDT/?language=zh-CN HTTP/1.1" 404 108
WARNING 2025-05-20 15:01:54,586 log 91915 6175600640 Not Found: /api/crypto/technical-indicators/BTCUSDT/
WARNING 2025-05-20 15:01:54,586 basehttp 91915 6175600640 "GET /api/crypto/technical-indicators/BTCUSDT/?language=ko-KR HTTP/1.1" 404 108
WARNING 2025-05-20 15:01:54,604 log 91915 6175600640 Not Found: /api/crypto/technical-indicators/BTCUSDT/
WARNING 2025-05-20 15:01:54,604 basehttp 91915 6175600640 "GET /api/crypto/technical-indicators/BTCUSDT/?language=ko-KR HTTP/1.1" 404 108
INFO 2025-05-20 15:02:09,410 basehttp 91915 6175600640 "GET /api/crypto/get_report/BTCUSDT/?language=ko-KR&_t=1747753315504 HTTP/1.1" 200 2753
INFO 2025-05-20 15:02:10,300 basehttp 91915 6175600640 "GET /api/crypto/technical-indicators/BTCUSDT/?language=ko-KR HTTP/1.1" 200 3053
INFO 2025-05-20 15:02:11,326 basehttp 91915 6175600640 "GET /api/crypto/technical-indicators/BTCUSDT/?language=ko-KR HTTP/1.1" 200 3053
INFO 2025-05-20 15:04:20,652 basehttp 91915 6175600640 "GET /api/crypto/technical-indicators/BTCUSDT/?language=ko-KR HTTP/1.1" 200 3053
INFO 2025-05-20 15:04:20,680 basehttp 91915 6175600640 "GET /api/crypto/technical-indicators/BTCUSDT/?language=ko-KR HTTP/1.1" 200 3053
INFO 2025-05-20 15:04:29,196 basehttp 91915 6192427008 "GET /api/auth/profile/ HTTP/1.1" 200 194
INFO 2025-05-20 15:04:29,199 basehttp 91915 6175600640 "PUT /api/auth/profile/ HTTP/1.1" 200 219
INFO 2025-05-20 15:04:29,208 basehttp 91915 6209253376 "GET /api/crypto/technical-indicators/BTCUSDT/?language=ko-KR HTTP/1.1" 200 3053
INFO 2025-05-20 15:04:31,240 basehttp 91915 6175600640 "PUT /api/auth/profile/ HTTP/1.1" 200 219
INFO 2025-05-20 15:04:31,244 basehttp 91915 6209253376 "PUT /api/auth/profile/ HTTP/1.1" 200 219
INFO 2025-05-20 15:04:31,253 basehttp 91915 6192427008 "GET /api/crypto/technical-indicators/BTCUSDT/?language=ko-KR HTTP/1.1" 200 3053
INFO 2025-05-20 15:04:32,851 basehttp 91915 6192427008 "GET /api/crypto/technical-indicators/BTCUSDT/?language=ja-JP HTTP/1.1" 200 3334
INFO 2025-05-20 15:04:32,876 basehttp 91915 6192427008 "GET /api/crypto/technical-indicators/BTCUSDT/?language=ja-JP HTTP/1.1" 200 3334
INFO 2025-05-20 15:04:33,512 basehttp 91915 6175600640 "PUT /api/auth/profile/ HTTP/1.1" 200 219
INFO 2025-05-20 15:04:33,516 basehttp 91915 6192427008 "GET /api/auth/profile/ HTTP/1.1" 200 194
INFO 2025-05-20 15:04:33,526 basehttp 91915 6209253376 "GET /api/crypto/technical-indicators/BTCUSDT/?language=ja-JP HTTP/1.1" 200 3334
INFO 2025-05-20 15:04:33,542 basehttp 91915 6192427008 "GET /api/crypto/technical-indicators/BTCUSDT/?language=ja-JP HTTP/1.1" 200 3334
INFO 2025-05-20 15:04:35,112 basehttp 91915 6175600640 "PUT /api/auth/profile/ HTTP/1.1" 200 219
INFO 2025-05-20 15:04:35,113 basehttp 91915 6192427008 "PUT /api/auth/profile/ HTTP/1.1" 200 219
INFO 2025-05-20 15:04:35,121 basehttp 91915 6209253376 "GET /api/crypto/technical-indicators/BTCUSDT/?language=ja-JP HTTP/1.1" 200 3334
INFO 2025-05-20 15:04:35,139 basehttp 91915 6192427008 "GET /api/crypto/technical-indicators/BTCUSDT/?language=ja-JP HTTP/1.1" 200 3334
WARNING 2025-05-20 15:04:36,723 log 91915 6192427008 Not Found: /api/crypto/technical-indicators/BTCUSDT/
WARNING 2025-05-20 15:04:36,723 basehttp 91915 6192427008 "GET /api/crypto/technical-indicators/BTCUSDT/?language=zh-CN HTTP/1.1" 404 108
WARNING 2025-05-20 15:04:36,749 log 91915 6192427008 Not Found: /api/crypto/technical-indicators/BTCUSDT/
WARNING 2025-05-20 15:04:36,749 basehttp 91915 6192427008 "GET /api/crypto/technical-indicators/BTCUSDT/?language=zh-CN HTTP/1.1" 404 108
INFO 2025-05-20 15:04:50,477 basehttp 91915 6192427008 "GET /api/crypto/get_report/BTCUSDT/?language=zh-CN&_t=1747753477319 HTTP/1.1" 200 2173
INFO 2025-05-20 15:04:51,432 basehttp 91915 6175600640 "GET /api/crypto/technical-indicators/BTCUSDT/?language=zh-CN HTTP/1.1" 200 2473
INFO 2025-05-20 15:04:52,463 basehttp 91915 6175600640 "GET /api/crypto/technical-indicators/BTCUSDT/?language=zh-CN HTTP/1.1" 200 2473
INFO 2025-05-21 12:49:04,838 autoreload 91915 8462421120 /Users/liuzhao/Documents/Projects/Cooltrade/backend/user/models.py changed, reloading.
INFO 2025-05-21 12:49:05,798 autoreload 61994 8462421120 Watching for file changes with StatReloader
INFO 2025-05-21 12:49:26,683 autoreload 61994 8462421120 /Users/liuzhao/Documents/Projects/Cooltrade/backend/user/models.py changed, reloading.
INFO 2025-05-21 12:49:27,118 autoreload 62051 8462421120 Watching for file changes with StatReloader
INFO 2025-05-21 12:49:56,716 autoreload 62051 8462421120 /Users/liuzhao/Documents/Projects/Cooltrade/backend/user/admin.py changed, reloading.
INFO 2025-05-21 12:49:57,146 autoreload 62110 8462421120 Watching for file changes with StatReloader
INFO 2025-05-21 12:50:29,684 autoreload 62110 8462421120 /Users/liuzhao/Documents/Projects/Cooltrade/backend/user/serializers.py changed, reloading.
INFO 2025-05-21 12:50:30,754 autoreload 62396 8462421120 Watching for file changes with StatReloader
INFO 2025-05-21 12:50:46,365 autoreload 62396 8462421120 /Users/liuzhao/Documents/Projects/Cooltrade/backend/user/serializers.py changed, reloading.
INFO 2025-05-21 12:50:46,968 autoreload 62457 8462421120 Watching for file changes with StatReloader
INFO 2025-05-21 12:51:04,100 autoreload 62457 8462421120 /Users/liuzhao/Documents/Projects/Cooltrade/backend/user/serializers.py changed, reloading.
INFO 2025-05-21 12:51:04,569 autoreload 62497 8462421120 Watching for file changes with StatReloader
INFO 2025-05-21 12:51:26,889 autoreload 62497 8462421120 /Users/liuzhao/Documents/Projects/Cooltrade/backend/user/views.py changed, reloading.
INFO 2025-05-21 12:51:27,693 autoreload 62533 8462421120 Watching for file changes with StatReloader
INFO 2025-05-21 12:52:00,151 autoreload 62533 8462421120 /Users/liuzhao/Documents/Projects/Cooltrade/backend/user/views.py changed, reloading.
INFO 2025-05-21 12:52:00,679 autoreload 62599 8462421120 Watching for file changes with StatReloader
INFO 2025-05-21 12:52:21,351 autoreload 62599 8462421120 /Users/liuzhao/Documents/Projects/Cooltrade/backend/user/views.py changed, reloading.
INFO 2025-05-21 12:52:21,966 autoreload 62635 8462421120 Watching for file changes with StatReloader
INFO 2025-05-21 12:52:43,389 autoreload 62635 8462421120 /Users/liuzhao/Documents/Projects/Cooltrade/backend/user/urls.py changed, reloading.
INFO 2025-05-21 12:52:43,835 autoreload 62688 8462421120 Watching for file changes with StatReloader
WARNING 2025-05-21 12:54:09,861 log 62688 6207696896 Unauthorized: /api/auth/generate-invitation-code/
WARNING 2025-05-21 12:54:09,862 basehttp 62688 6207696896 "POST /api/auth/generate-invitation-code/ HTTP/1.1" 401 34
INFO 2025-05-21 12:54:15,533 basehttp 62688 6207696896 "POST /api/auth/login/ HTTP/1.1" 200 294
INFO 2025-05-21 12:54:22,709 basehttp 62688 6207696896 "POST /api/auth/generate-invitation-code/ HTTP/1.1" 201 110
INFO 2025-05-21 12:55:16,307 basehttp 62688 6224523264 "GET /admin/CryptoAnalyst/invitationcode/ HTTP/1.1" 302 0
INFO 2025-05-21 12:55:16,455 basehttp 62688 6224523264 "GET /admin/login/?next=/admin/CryptoAnalyst/invitationcode/ HTTP/1.1" 200 4246
INFO 2025-05-21 12:55:23,038 basehttp 62688 6224523264 "POST /admin/login/?next=/admin/CryptoAnalyst/invitationcode/ HTTP/1.1" 302 0
WARNING 2025-05-21 12:55:23,202 log 62688 6224523264 Not Found: /admin/CryptoAnalyst/invitationcode/
WARNING 2025-05-21 12:55:23,202 basehttp 62688 6224523264 "GET /admin/CryptoAnalyst/invitationcode/ HTTP/1.1" 404 5996
INFO 2025-05-21 12:55:29,167 basehttp 62688 6224523264 "GET /admin/ HTTP/1.1" 200 10438
INFO 2025-05-21 12:55:29,217 basehttp 62688 6224523264 "GET /static/admin/css/base.css HTTP/1.1" 304 0
INFO 2025-05-21 12:55:29,243 basehttp 62688 6224523264 "GET /static/admin/css/dark_mode.css HTTP/1.1" 304 0
INFO 2025-05-21 12:55:29,244 basehttp 62688 6258176000 "GET /static/admin/css/responsive.css HTTP/1.1" 304 0
INFO 2025-05-21 12:55:29,248 basehttp 62688 6275002368 "GET /static/admin/css/dashboard.css HTTP/1.1" 304 0
INFO 2025-05-21 12:55:29,251 basehttp 62688 6241349632 "GET /static/admin/css/nav_sidebar.css HTTP/1.1" 304 0
INFO 2025-05-21 12:55:29,271 basehttp 62688 6275002368 "GET /static/admin/js/nav_sidebar.js HTTP/1.1" 304 0
INFO 2025-05-21 12:55:29,273 basehttp 62688 6241349632 "GET /static/admin/js/theme.js HTTP/1.1" 304 0
INFO 2025-05-21 12:55:29,278 basehttp 62688 6275002368 "GET /static/admin/img/icon-changelink.svg HTTP/1.1" 304 0
INFO 2025-05-21 12:55:29,279 basehttp 62688 6241349632 "GET /static/admin/img/icon-addlink.svg HTTP/1.1" 304 0
INFO 2025-05-21 12:55:33,784 basehttp 62688 6224523264 "GET /admin/user/invitationcode/ HTTP/1.1" 200 15308
INFO 2025-05-21 12:55:33,828 basehttp 62688 6241349632 "GET /static/admin/css/changelists.css HTTP/1.1" 304 0
INFO 2025-05-21 12:55:33,829 basehttp 62688 6275002368 "GET /static/admin/js/jquery.init.js HTTP/1.1" 304 0
INFO 2025-05-21 12:55:33,832 basehttp 62688 6258176000 "GET /static/admin/js/vendor/jquery/jquery.js HTTP/1.1" 304 0
INFO 2025-05-21 12:55:33,837 basehttp 62688 6291828736 "GET /static/admin/js/core.js HTTP/1.1" 304 0
INFO 2025-05-21 12:55:33,837 basehttp 62688 6241349632 "GET /static/admin/js/actions.js HTTP/1.1" 304 0
INFO 2025-05-21 12:55:33,839 basehttp 62688 13035925504 "GET /static/admin/js/admin/RelatedObjectLookups.js HTTP/1.1" 304 0
INFO 2025-05-21 12:55:33,841 basehttp 62688 6275002368 "GET /static/admin/js/urlify.js HTTP/1.1" 304 0
INFO 2025-05-21 12:55:33,844 basehttp 62688 6258176000 "GET /static/admin/js/prepopulate.js HTTP/1.1" 304 0
INFO 2025-05-21 12:55:33,844 basehttp 62688 13035925504 "GET /static/admin/img/search.svg HTTP/1.1" 304 0
INFO 2025-05-21 12:55:33,846 basehttp 62688 6275002368 "GET /static/admin/img/icon-no.svg HTTP/1.1" 304 0
INFO 2025-05-21 12:55:33,852 basehttp 62688 6291828736 "GET /static/admin/js/vendor/xregexp/xregexp.js HTTP/1.1" 304 0
INFO 2025-05-21 12:55:33,875 basehttp 62688 6224523264 "GET /admin/jsi18n/ HTTP/1.1" 200 8560
INFO 2025-05-21 12:55:33,907 basehttp 62688 6224523264 "GET /static/admin/img/icon-yes.svg HTTP/1.1" 304 0
INFO 2025-05-21 12:55:33,908 basehttp 62688 6291828736 "GET /static/admin/js/filters.js HTTP/1.1" 304 0
INFO 2025-05-21 12:55:33,917 basehttp 62688 6291828736 "GET /static/admin/img/tooltag-add.svg HTTP/1.1" 304 0
INFO 2025-05-21 12:55:39,062 basehttp 62688 6224523264 "GET /admin/user/invitationcode/add/ HTTP/1.1" 200 17171
INFO 2025-05-21 12:55:39,099 basehttp 62688 6224523264 "GET /static/admin/css/forms.css HTTP/1.1" 200 9090
INFO 2025-05-21 12:55:39,101 basehttp 62688 6258176000 "GET /static/admin/img/icon-viewlink.svg HTTP/1.1" 200 581
INFO 2025-05-21 12:55:39,102 basehttp 62688 6275002368 "GET /static/admin/js/prepopulate_init.js HTTP/1.1" 200 586
INFO 2025-05-21 12:55:39,106 basehttp 62688 6241349632 "GET /admin/jsi18n/ HTTP/1.1" 200 8560
INFO 2025-05-21 12:55:39,138 basehttp 62688 6275002368 "GET /static/admin/img/icon-deletelink.svg HTTP/1.1" 200 392
INFO 2025-05-21 12:55:39,138 basehttp 62688 6241349632 "GET /static/admin/css/widgets.css HTTP/1.1" 200 11800
INFO 2025-05-21 12:55:39,141 basehttp 62688 6275002368 "GET /static/admin/js/change_form.js HTTP/1.1" 200 606
INFO 2025-05-21 12:55:46,526 basehttp 62688 6224523264 "GET /admin/user/invitationcode/ HTTP/1.1" 200 15308
INFO 2025-05-21 12:55:46,549 basehttp 62688 6224523264 "GET /admin/jsi18n/ HTTP/1.1" 200 8560
INFO 2025-05-21 12:55:47,759 basehttp 62688 6224523264 "GET /admin/user/invitationrecord/ HTTP/1.1" 200 11840
INFO 2025-05-21 12:55:47,801 basehttp 62688 6224523264 "GET /admin/jsi18n/ HTTP/1.1" 200 8560
INFO 2025-05-21 12:55:49,952 basehttp 62688 6224523264 "GET /admin/user/invitationcode/ HTTP/1.1" 200 15308
INFO 2025-05-21 12:55:49,995 basehttp 62688 6224523264 "GET /admin/jsi18n/ HTTP/1.1" 200 8560
INFO 2025-05-21 12:56:02,709 basehttp 62688 6224523264 "OPTIONS /api/auth/profile/ HTTP/1.1" 200 0
INFO 2025-05-21 12:56:02,796 basehttp 62688 6241349632 "GET /api/auth/profile/ HTTP/1.1" 200 234
INFO 2025-05-21 12:56:02,816 basehttp 62688 6224523264 "PUT /api/auth/profile/ HTTP/1.1" 200 259
INFO 2025-05-21 12:56:02,824 basehttp 62688 6258176000 "GET /api/crypto/technical-indicators/BTCUSDT/?language=zh-CN HTTP/1.1" 200 2471
INFO 2025-05-21 12:56:02,856 basehttp 62688 6241349632 "GET /api/crypto/technical-indicators/BTCUSDT/?language=zh-CN HTTP/1.1" 200 2471
INFO 2025-05-21 12:56:02,915 basehttp 62688 6241349632 "GET /api/crypto/technical-indicators/BTCUSDT/?language=zh-CN HTTP/1.1" 200 2471
INFO 2025-05-21 12:56:21,967 basehttp 62688 6224523264 "POST /api/auth/send-code/ HTTP/1.1" 200 51
INFO 2025-05-21 12:56:55,989 basehttp 62688 6224523264 "POST /api/auth/register/ HTTP/1.1" 201 269
INFO 2025-05-21 12:57:06,359 basehttp 62688 6224523264 "GET /admin/user/invitationrecord/ HTTP/1.1" 200 13887
INFO 2025-05-21 12:57:06,405 basehttp 62688 6224523264 "GET /admin/jsi18n/ HTTP/1.1" 200 8560
INFO 2025-05-21 12:57:15,303 basehttp 62688 6224523264 "GET /admin/user/systemsetting/ HTTP/1.1" 200 12709
INFO 2025-05-21 12:57:15,369 basehttp 62688 6224523264 "GET /admin/jsi18n/ HTTP/1.1" 200 8560
INFO 2025-05-21 12:57:21,782 basehttp 62688 6224523264 "GET /admin/user/invitationrecord/ HTTP/1.1" 200 13887
INFO 2025-05-21 12:57:21,797 basehttp 62688 6224523264 "GET /admin/jsi18n/ HTTP/1.1" 200 8560
INFO 2025-05-21 12:57:23,999 basehttp 62688 6224523264 "GET /admin/user/verificationcode/ HTTP/1.1" 200 14316
INFO 2025-05-21 12:57:24,041 basehttp 62688 6224523264 "GET /admin/jsi18n/ HTTP/1.1" 200 8560
INFO 2025-05-21 12:57:35,021 basehttp 62688 6224523264 "GET /admin/user/invitationrecord/ HTTP/1.1" 200 13887
INFO 2025-05-21 12:57:35,105 basehttp 62688 6224523264 "GET /admin/jsi18n/ HTTP/1.1" 200 8560
INFO 2025-05-21 12:57:50,602 basehttp 62688 6224523264 "POST /api/auth/generate-invitation-code/ HTTP/1.1" 201 110
INFO 2025-05-21 12:59:09,895 autoreload 62688 8462421120 /Users/liuzhao/Documents/Projects/Cooltrade/backend/user/views.py changed, reloading.
INFO 2025-05-21 12:59:10,451 autoreload 63704 8462421120 Watching for file changes with StatReloader
INFO 2025-05-21 12:59:17,201 autoreload 63704 8462421120 /Users/liuzhao/Documents/Projects/Cooltrade/backend/user/serializers.py changed, reloading.
INFO 2025-05-21 12:59:17,903 autoreload 63728 8462421120 Watching for file changes with StatReloader
INFO 2025-05-21 12:59:25,108 autoreload 63728 8462421120 /Users/liuzhao/Documents/Projects/Cooltrade/backend/user/models.py changed, reloading.
INFO 2025-05-21 12:59:25,533 autoreload 63738 8462421120 Watching for file changes with StatReloader
INFO 2025-05-21 12:59:32,518 autoreload 63738 8462421120 /Users/liuzhao/Documents/Projects/Cooltrade/backend/user/models.py changed, reloading.
INFO 2025-05-21 12:59:33,010 autoreload 63773 8462421120 Watching for file changes with StatReloader
INFO 2025-05-21 12:59:53,319 basehttp 63773 6164082688 "POST /api/auth/generate-invitation-code/ HTTP/1.1" 201 110
INFO 2025-05-21 12:59:54,474 basehttp 63773 6164082688 "POST /api/auth/generate-invitation-code/ HTTP/1.1" 201 110
WARNING 2025-05-21 13:00:13,794 log 63773 6164082688 Unauthorized: /api/auth/generate-invitation-code/
WARNING 2025-05-21 13:00:13,795 basehttp 63773 6164082688 "POST /api/auth/generate-invitation-code/ HTTP/1.1" 401 34
INFO 2025-05-21 13:00:26,688 basehttp 63773 6164082688 "GET /api/auth/generate-invitation-code/ HTTP/1.1" 200 109
INFO 2025-05-21 13:00:31,483 basehttp 63773 6164082688 "GET /api/auth/generate-invitation-code/ HTTP/1.1" 200 109
INFO 2025-05-21 13:00:32,255 basehttp 63773 6164082688 "GET /api/auth/generate-invitation-code/ HTTP/1.1" 200 109
INFO 2025-05-21 13:00:32,898 basehttp 63773 6164082688 "GET /api/auth/generate-invitation-code/ HTTP/1.1" 200 109
INFO 2025-05-21 13:01:41,302 basehttp 63773 6180909056 "POST /api/auth/send-code/ HTTP/1.1" 200 51
INFO 2025-05-21 13:02:24,154 basehttp 63773 6180909056 "GET /api/auth/generate-invitation-code/ HTTP/1.1" 200 109
INFO 2025-05-21 13:02:28,480 basehttp 63773 6197735424 "POST /api/auth/register/ HTTP/1.1" 201 268
INFO 2025-05-21 13:02:35,788 basehttp 63773 6197735424 "GET /admin/user/invitationrecord/ HTTP/1.1" 200 14363
INFO 2025-05-21 13:02:35,871 basehttp 63773 6197735424 "GET /admin/jsi18n/ HTTP/1.1" 200 8560
INFO 2025-05-21 13:02:49,737 basehttp 63773 6197735424 "GET /admin/user/invitationcode/ HTTP/1.1" 200 18272
INFO 2025-05-21 13:02:49,774 basehttp 63773 6197735424 "GET /admin/jsi18n/ HTTP/1.1" 200 8560
INFO 2025-05-21 13:02:50,694 basehttp 63773 6197735424 "GET /admin/user/invitationrecord/ HTTP/1.1" 200 14363
INFO 2025-05-21 13:02:50,714 basehttp 63773 6197735424 "GET /admin/jsi18n/ HTTP/1.1" 200 8560
INFO 2025-05-21 13:02:52,774 basehttp 63773 6197735424 "GET /admin/user/invitationcode/ HTTP/1.1" 200 18272
INFO 2025-05-21 13:02:52,793 basehttp 63773 6197735424 "GET /admin/jsi18n/ HTTP/1.1" 200 8560
INFO 2025-05-21 13:03:16,498 basehttp 63773 6197735424 "GET /admin/user/invitationrecord/ HTTP/1.1" 200 14363
INFO 2025-05-21 13:03:16,572 basehttp 63773 6197735424 "GET /admin/jsi18n/ HTTP/1.1" 200 8560
INFO 2025-05-21 13:03:17,120 basehttp 63773 6197735424 "GET /admin/user/verificationcode/ HTTP/1.1" 200 14790
INFO 2025-05-21 13:03:17,145 basehttp 63773 6197735424 "GET /admin/jsi18n/ HTTP/1.1" 200 8560
INFO 2025-05-21 13:03:31,489 basehttp 63773 6197735424 "GET /admin/user/invitationcode/ HTTP/1.1" 200 18272
INFO 2025-05-21 13:03:31,552 basehttp 63773 6197735424 "GET /admin/jsi18n/ HTTP/1.1" 200 8560
INFO 2025-05-21 13:03:35,073 basehttp 63773 6197735424 "GET /admin/user/invitationcode/add/ HTTP/1.1" 200 17393
INFO 2025-05-21 13:03:35,173 basehttp 63773 6197735424 "GET /admin/jsi18n/ HTTP/1.1" 200 8560
INFO 2025-05-21 13:03:44,767 basehttp 63773 6197735424 "GET /admin/user/invitationcode/ HTTP/1.1" 200 18272
INFO 2025-05-21 13:03:44,822 basehttp 63773 6197735424 "GET /admin/jsi18n/ HTTP/1.1" 200 8560
INFO 2025-05-21 13:03:49,452 basehttp 63773 6197735424 "GET /admin/authtoken/tokenproxy/ HTTP/1.1" 200 11541
INFO 2025-05-21 13:03:49,551 basehttp 63773 6197735424 "GET /static/admin/img/sorting-icons.svg HTTP/1.1" 200 1097
INFO 2025-05-21 13:03:51,138 basehttp 63773 6197735424 "GET /admin/user/invitationrecord/ HTTP/1.1" 200 14363
INFO 2025-05-21 13:03:51,157 basehttp 63773 6197735424 "GET /admin/jsi18n/ HTTP/1.1" 200 8560
INFO 2025-05-21 13:03:51,908 basehttp 63773 6197735424 "GET /admin/user/verificationcode/ HTTP/1.1" 200 14790
INFO 2025-05-21 13:03:51,927 basehttp 63773 6197735424 "GET /admin/jsi18n/ HTTP/1.1" 200 8560
INFO 2025-05-21 13:04:24,645 basehttp 63773 6197735424 "GET /admin/user/systemsetting/ HTTP/1.1" 200 12709
INFO 2025-05-21 13:04:24,946 basehttp 63773 6197735424 "GET /admin/jsi18n/ HTTP/1.1" 200 8560
INFO 2025-05-21 13:04:25,486 basehttp 63773 6197735424 "GET /admin/user/user/ HTTP/1.1" 200 15712
INFO 2025-05-21 13:04:25,589 basehttp 63773 6197735424 "GET /admin/jsi18n/ HTTP/1.1" 200 8560
INFO 2025-05-21 13:04:33,372 autoreload 63773 8462421120 /Users/liuzhao/Documents/Projects/Cooltrade/backend/user/admin.py changed, reloading.
INFO 2025-05-21 13:04:34,418 autoreload 64345 8462421120 Watching for file changes with StatReloader
INFO 2025-05-21 13:04:55,507 basehttp 64345 6164705280 "POST /api/auth/login/ HTTP/1.1" 200 295
INFO 2025-05-21 13:04:56,073 basehttp 64345 6164705280 "GET /api/crypto/technical-indicators/BTCUSDT/?language=zh-CN HTTP/1.1" 200 2471
INFO 2025-05-21 13:04:56,102 basehttp 64345 6164705280 "GET /api/crypto/technical-indicators/BTCUSDT/?language=zh-CN HTTP/1.1" 200 2471
INFO 2025-05-21 13:04:56,608 basehttp 64345 6164705280 "PUT /api/auth/profile/ HTTP/1.1" 200 260
INFO 2025-05-21 13:04:56,609 basehttp 64345 6198358016 "GET /api/auth/profile/ HTTP/1.1" 200 235
INFO 2025-05-21 13:04:56,620 basehttp 64345 6215184384 "GET /api/crypto/technical-indicators/BTCUSDT/?language=zh-CN HTTP/1.1" 200 2471
INFO 2025-05-21 13:04:56,649 basehttp 64345 6198358016 "GET /api/crypto/technical-indicators/BTCUSDT/?language=zh-CN HTTP/1.1" 200 2471
INFO 2025-05-21 13:04:56,667 basehttp 64345 6198358016 "GET /api/crypto/technical-indicators/BTCUSDT/?language=zh-CN HTTP/1.1" 200 2471
INFO 2025-05-21 13:04:56,695 basehttp 64345 6198358016 "GET /api/crypto/technical-indicators/BTCUSDT/?language=zh-CN HTTP/1.1" 200 2471
INFO 2025-05-21 13:04:57,867 autoreload 64345 8462421120 /Users/liuzhao/Documents/Projects/Cooltrade/backend/user/admin.py changed, reloading.
INFO 2025-05-21 13:04:58,916 autoreload 64395 8462421120 Watching for file changes with StatReloader
INFO 2025-05-21 13:05:00,457 basehttp 64395 6175567872 "GET /api/crypto/technical-indicators/BTCUSDT/?language=zh-CN HTTP/1.1" 200 2471
INFO 2025-05-21 13:05:00,580 basehttp 64395 6175567872 "GET /api/crypto/technical-indicators/BTCUSDT/?language=zh-CN HTTP/1.1" 200 2471
INFO 2025-05-21 13:05:04,681 basehttp 64395 6175567872 "GET /admin/user/user/ HTTP/1.1" 200 15712
INFO 2025-05-21 13:05:04,816 basehttp 64395 6175567872 "GET /admin/jsi18n/ HTTP/1.1" 200 8560
INFO 2025-05-21 13:05:05,861 basehttp 64395 6175567872 "GET /admin/user/user/ HTTP/1.1" 200 15712
INFO 2025-05-21 13:05:05,939 basehttp 64395 6175567872 "GET /admin/jsi18n/ HTTP/1.1" 200 8560
INFO 2025-05-21 13:05:07,486 basehttp 64395 6175567872 "GET /admin/user/user/ HTTP/1.1" 200 15712
INFO 2025-05-21 13:05:07,504 basehttp 64395 6175567872 "GET /admin/jsi18n/ HTTP/1.1" 200 8560
INFO 2025-05-21 13:05:13,181 basehttp 64395 6175567872 "PUT /api/auth/profile/ HTTP/1.1" 200 260
INFO 2025-05-21 13:05:13,189 basehttp 64395 6209220608 "GET /api/auth/profile/ HTTP/1.1" 200 235
INFO 2025-05-21 13:05:13,208 basehttp 64395 6226046976 "GET /api/crypto/technical-indicators/BTCUSDT/?language=zh-CN HTTP/1.1" 200 2471
INFO 2025-05-21 13:05:13,233 basehttp 64395 6209220608 "GET /api/crypto/technical-indicators/BTCUSDT/?language=zh-CN HTTP/1.1" 200 2471
INFO 2025-05-21 13:05:13,258 basehttp 64395 6209220608 "GET /api/crypto/technical-indicators/BTCUSDT/?language=zh-CN HTTP/1.1" 200 2471
INFO 2025-05-21 13:05:13,277 basehttp 64395 6209220608 "GET /api/crypto/technical-indicators/BTCUSDT/?language=zh-CN HTTP/1.1" 200 2471
INFO 2025-05-21 13:05:13,294 basehttp 64395 6209220608 "GET /api/crypto/technical-indicators/BTCUSDT/?language=zh-CN HTTP/1.1" 200 2471
INFO 2025-05-21 13:05:18,178 basehttp 64395 6226046976 "PUT /api/auth/profile/ HTTP/1.1" 200 260
INFO 2025-05-21 13:05:18,180 basehttp 64395 6175567872 "PUT /api/auth/profile/ HTTP/1.1" 200 260
INFO 2025-05-21 13:05:18,184 basehttp 64395 6209220608 "GET /api/crypto/technical-indicators/BTCUSDT/?language=zh-CN HTTP/1.1" 200 2471
INFO 2025-05-21 13:05:18,201 basehttp 64395 6209220608 "GET /api/crypto/technical-indicators/BTCUSDT/?language=zh-CN HTTP/1.1" 200 2471
INFO 2025-05-21 13:05:18,211 basehttp 64395 6209220608 "GET /api/crypto/technical-indicators/BTCUSDT/?language=zh-CN HTTP/1.1" 200 2471
INFO 2025-05-21 13:05:18,225 basehttp 64395 6209220608 "GET /api/crypto/technical-indicators/BTCUSDT/?language=zh-CN HTTP/1.1" 200 2471
INFO 2025-05-21 13:05:18,239 basehttp 64395 6209220608 "GET /api/crypto/technical-indicators/BTCUSDT/?language=zh-CN HTTP/1.1" 200 2471
INFO 2025-05-21 13:05:18,918 autoreload 64395 8462421120 /Users/liuzhao/Documents/Projects/Cooltrade/backend/user/admin.py changed, reloading.
INFO 2025-05-21 13:05:19,349 autoreload 64441 8462421120 Watching for file changes with StatReloader
INFO 2025-05-21 13:05:22,978 basehttp 64441 6126350336 "GET /api/crypto/technical-indicators/BTCUSDT/?language=ja-JP HTTP/1.1" 200 3332
INFO 2025-05-21 13:05:23,008 basehttp 64441 6126350336 "GET /api/crypto/technical-indicators/BTCUSDT/?language=ja-JP HTTP/1.1" 200 3332
INFO 2025-05-21 13:05:25,061 basehttp 64441 6126350336 "GET /admin/user/user/ HTTP/1.1" 200 15709
INFO 2025-05-21 13:05:25,083 basehttp 64441 6126350336 "GET /admin/jsi18n/ HTTP/1.1" 200 8560
INFO 2025-05-21 13:05:29,532 basehttp 64441 6160003072 "GET /api/auth/profile/ HTTP/1.1" 200 235
INFO 2025-05-21 13:05:29,534 basehttp 64441 6126350336 "PUT /api/auth/profile/ HTTP/1.1" 200 260
INFO 2025-05-21 13:05:29,592 basehttp 64441 6176829440 "GET /api/crypto/technical-indicators/BTCUSDT/?language=ja-JP HTTP/1.1" 200 3332
INFO 2025-05-21 13:05:29,618 basehttp 64441 6160003072 "GET /api/crypto/technical-indicators/BTCUSDT/?language=ja-JP HTTP/1.1" 200 3332
INFO 2025-05-21 13:05:29,632 basehttp 64441 6160003072 "GET /api/crypto/technical-indicators/BTCUSDT/?language=ja-JP HTTP/1.1" 200 3332
INFO 2025-05-21 13:05:29,645 basehttp 64441 6160003072 "GET /api/crypto/technical-indicators/BTCUSDT/?language=ja-JP HTTP/1.1" 200 3332
INFO 2025-05-21 13:05:29,661 basehttp 64441 6160003072 "GET /api/crypto/technical-indicators/BTCUSDT/?language=ja-JP HTTP/1.1" 200 3332
INFO 2025-05-21 13:05:29,736 basehttp 64441 6160003072 "GET /api/crypto/technical-indicators/BTCUSDT/?language=ja-JP HTTP/1.1" 200 3332
INFO 2025-05-21 13:05:34,810 basehttp 64441 6126350336 "PUT /api/auth/profile/ HTTP/1.1" 200 260
INFO 2025-05-21 13:05:34,811 basehttp 64441 6176829440 "PUT /api/auth/profile/ HTTP/1.1" 200 260
INFO 2025-05-21 13:05:34,840 basehttp 64441 6160003072 "GET /api/crypto/technical-indicators/BTCUSDT/?language=ja-JP HTTP/1.1" 200 3332
INFO 2025-05-21 13:05:34,864 basehttp 64441 6160003072 "GET /api/crypto/technical-indicators/BTCUSDT/?language=ja-JP HTTP/1.1" 200 3332
INFO 2025-05-21 13:05:34,886 basehttp 64441 6160003072 "GET /api/crypto/technical-indicators/BTCUSDT/?language=ja-JP HTTP/1.1" 200 3332
INFO 2025-05-21 13:05:34,903 basehttp 64441 6160003072 "GET /api/crypto/technical-indicators/BTCUSDT/?language=ja-JP HTTP/1.1" 200 3332
INFO 2025-05-21 13:05:34,928 basehttp 64441 6160003072 "GET /api/crypto/technical-indicators/BTCUSDT/?language=ja-JP HTTP/1.1" 200 3332
INFO 2025-05-21 13:05:34,939 basehttp 64441 6160003072 "GET /api/crypto/technical-indicators/BTCUSDT/?language=ja-JP HTTP/1.1" 200 3332
INFO 2025-05-21 13:05:42,638 basehttp 64441 6126350336 "GET /api/crypto/technical-indicators/BTCUSDT/?language=ko-KR HTTP/1.1" 200 3051
INFO 2025-05-21 13:05:42,677 basehttp 64441 6126350336 "GET /api/crypto/technical-indicators/BTCUSDT/?language=ko-KR HTTP/1.1" 200 3051
INFO 2025-05-21 13:05:57,379 basehttp 64441 6160003072 "GET /api/auth/profile/ HTTP/1.1" 200 235
INFO 2025-05-21 13:05:57,384 basehttp 64441 6126350336 "PUT /api/auth/profile/ HTTP/1.1" 200 260
INFO 2025-05-21 13:05:57,399 basehttp 64441 6176829440 "GET /api/crypto/technical-indicators/BTCUSDT/?language=ko-KR HTTP/1.1" 200 3051
INFO 2025-05-21 13:05:57,417 basehttp 64441 6160003072 "GET /api/crypto/technical-indicators/BTCUSDT/?language=ko-KR HTTP/1.1" 200 3051
INFO 2025-05-21 13:05:57,432 basehttp 64441 6160003072 "GET /api/crypto/technical-indicators/BTCUSDT/?language=ko-KR HTTP/1.1" 200 3051
INFO 2025-05-21 13:05:57,444 basehttp 64441 6160003072 "GET /api/crypto/technical-indicators/BTCUSDT/?language=ko-KR HTTP/1.1" 200 3051
INFO 2025-05-21 13:05:57,457 basehttp 64441 6160003072 "GET /api/crypto/technical-indicators/BTCUSDT/?language=ko-KR HTTP/1.1" 200 3051
INFO 2025-05-21 13:05:57,468 basehttp 64441 6160003072 "GET /api/crypto/technical-indicators/BTCUSDT/?language=ko-KR HTTP/1.1" 200 3051
INFO 2025-05-21 13:05:57,479 basehttp 64441 6160003072 "GET /api/crypto/technical-indicators/BTCUSDT/?language=ko-KR HTTP/1.1" 200 3051
INFO 2025-05-21 13:06:02,121 basehttp 64441 6126350336 "GET /api/crypto/technical-indicators/BTCUSDT/?language=ko-KR HTTP/1.1" 200 3051
INFO 2025-05-21 13:06:02,221 basehttp 64441 6126350336 "GET /api/crypto/technical-indicators/BTCUSDT/?language=ko-KR HTTP/1.1" 200 3051
INFO 2025-05-21 13:06:30,568 autoreload 64441 8462421120 /Users/liuzhao/Documents/Projects/Cooltrade/backend/user/admin.py changed, reloading.
INFO 2025-05-21 13:06:31,394 autoreload 64602 8462421120 Watching for file changes with StatReloader
INFO 2025-05-21 13:06:40,594 autoreload 64602 8462421120 /Users/liuzhao/Documents/Projects/Cooltrade/backend/user/admin.py changed, reloading.
INFO 2025-05-21 13:06:41,016 autoreload 64632 8462421120 Watching for file changes with StatReloader
INFO 2025-05-21 13:07:02,247 autoreload 64856 8462421120 Watching for file changes with StatReloader
INFO 2025-05-21 13:07:14,192 basehttp 64632 6167719936 "GET /api/auth/invitation-info/ HTTP/1.1" 200 417
INFO 2025-05-21 13:07:26,867 basehttp 64856 6170750976 "GET /admin/user/user/points-leaderboard/ HTTP/1.1" 302 0
INFO 2025-05-21 13:07:26,906 basehttp 64856 6170750976 "GET /admin/login/?next=/admin/user/user/points-leaderboard/ HTTP/1.1" 200 4246
INFO 2025-05-21 13:07:27,027 basehttp 64856 12935360512 "GET /static/admin/css/login.css HTTP/1.1" 200 958
INFO 2025-05-21 13:07:27,028 basehttp 64856 12901707776 "GET /static/admin/css/dark_mode.css HTTP/1.1" 200 2682
INFO 2025-05-21 13:07:27,030 basehttp 64856 12918534144 "GET /static/admin/css/nav_sidebar.css HTTP/1.1" 200 2810
INFO 2025-05-21 13:07:27,030 basehttp 64856 6170750976 "GET /static/admin/css/base.css HTTP/1.1" 200 21544
INFO 2025-05-21 13:07:27,030 basehttp 64856 12952186880 "GET /static/admin/css/responsive.css HTTP/1.1" 200 17905
INFO 2025-05-21 13:07:27,358 basehttp 64856 12952186880 "GET /static/admin/js/theme.js HTTP/1.1" 200 1943
INFO 2025-05-21 13:07:27,358 basehttp 64856 6170750976 "GET /static/admin/js/nav_sidebar.js HTTP/1.1" 200 3063
WARNING 2025-05-21 13:07:27,467 log 64856 6170750976 Not Found: /favicon.ico
WARNING 2025-05-21 13:07:27,468 basehttp 64856 6170750976 "GET /favicon.ico HTTP/1.1" 404 2928
INFO 2025-05-21 13:07:33,679 basehttp 64632 6325039104 "GET /admin/user/user/ HTTP/1.1" 200 16333
INFO 2025-05-21 13:07:33,782 basehttp 64632 6325039104 "GET /admin/jsi18n/ HTTP/1.1" 200 8560
INFO 2025-05-21 13:07:41,515 basehttp 64632 6325039104 "GET /admin/user/user/ HTTP/1.1" 200 16333
INFO 2025-05-21 13:07:41,553 basehttp 64632 6325039104 "GET /admin/jsi18n/ HTTP/1.1" 200 8560
INFO 2025-05-21 13:08:12,825 basehttp 64632 6325039104 "GET /admin/user/user/ HTTP/1.1" 200 16333
INFO 2025-05-21 13:08:12,857 basehttp 64632 6325039104 "GET /admin/jsi18n/ HTTP/1.1" 200 8560
INFO 2025-05-21 13:08:18,683 basehttp 64632 6325039104 "GET /admin/user/user/points-leaderboard/ HTTP/1.1" 200 8667
INFO 2025-05-21 13:08:31,396 basehttp 64632 6325039104 "GET /admin/user/ HTTP/1.1" 200 6901
INFO 2025-05-21 13:08:32,407 basehttp 64632 6325039104 "GET /admin/ HTTP/1.1" 200 10438
INFO 2025-05-21 13:09:21,103 basehttp 64632 6325039104 "GET /admin/ HTTP/1.1" 200 10438
INFO 2025-05-21 13:09:58,646 autoreload 64632 8462421120 /Users/liuzhao/Documents/Projects/Cooltrade/backend/user/admin.py changed, reloading.
INFO 2025-05-21 13:09:59,099 autoreload 65183 8462421120 Watching for file changes with StatReloader
INFO 2025-05-21 13:10:07,864 autoreload 65183 8462421120 /Users/liuzhao/Documents/Projects/Cooltrade/backend/user/admin.py changed, reloading.
INFO 2025-05-21 13:10:08,298 autoreload 65205 8462421120 Watching for file changes with StatReloader
INFO 2025-05-21 13:10:21,198 autoreload 65205 8462421120 /Users/liuzhao/Documents/Projects/Cooltrade/backend/user/admin.py changed, reloading.
INFO 2025-05-21 13:10:21,709 autoreload 65240 8462421120 Watching for file changes with StatReloader
INFO 2025-05-21 13:10:35,462 autoreload 65240 8462421120 /Users/liuzhao/Documents/Projects/Cooltrade/backend/user/admin.py changed, reloading.
INFO 2025-05-21 13:10:35,944 autoreload 65289 8462421120 Watching for file changes with StatReloader
INFO 2025-05-21 13:10:40,671 basehttp 65289 6174011392 "GET /admin/user/invitationcode/ HTTP/1.1" 200 19372
INFO 2025-05-21 13:10:40,882 basehttp 65289 6174011392 "GET /admin/jsi18n/ HTTP/1.1" 200 8560
INFO 2025-05-21 13:10:41,872 basehttp 65289 6174011392 "GET /admin/user/invitationrecord/ HTTP/1.1" 200 14363
INFO 2025-05-21 13:10:41,892 basehttp 65289 6174011392 "GET /admin/jsi18n/ HTTP/1.1" 200 8560
INFO 2025-05-21 13:10:42,488 basehttp 65289 6174011392 "GET /admin/user/verificationcode/ HTTP/1.1" 200 14790
INFO 2025-05-21 13:10:42,512 basehttp 65289 6174011392 "GET /admin/jsi18n/ HTTP/1.1" 200 8560
INFO 2025-05-21 13:11:14,276 basehttp 65289 6174011392 "GET / HTTP/1.1" 200 32279
INFO 2025-05-21 13:11:14,445 basehttp 65289 6174011392 "GET /static/website/images/binance.ico HTTP/1.1" 200 4286
INFO 2025-05-21 13:11:14,446 basehttp 65289 6207664128 "GET /static/website/images/icon128.png HTTP/1.1" 200 26177
INFO 2025-05-21 13:11:14,468 basehttp 65289 6207664128 "GET /static/website/images/okx.ico HTTP/1.1" 200 2462
INFO 2025-05-21 13:11:14,506 basehttp 65289 6174011392 "GET /static/website/images/gate.ico HTTP/1.1" 200 619
INFO 2025-05-21 13:11:14,507 basehttp 65289 6207664128 "GET /static/website/images/bybit.ico HTTP/1.1" 200 15086
INFO 2025-05-21 13:11:14,591 basehttp 65289 6207664128 "GET /static/website/images/htx.ico HTTP/1.1" 200 1536
INFO 2025-05-21 13:11:16,909 basehttp 65289 6207664128 "GET /static/website/images/favicon.ico HTTP/1.1" 200 4286
INFO 2025-05-21 13:11:17,467 autoreload 65554 8462421120 Watching for file changes with StatReloader
INFO 2025-05-21 13:11:38,845 basehttp 65554 6162067456 "GET /admin/user/ HTTP/1.1" 302 0
INFO 2025-05-21 13:11:38,893 basehttp 65554 6162067456 "GET /admin/login/?next=/admin/user/ HTTP/1.1" 200 4198
INFO 2025-05-21 13:11:49,748 basehttp 65289 6174011392 "GET /admin/user/verificationcode/ HTTP/1.1" 200 14790
INFO 2025-05-21 13:11:52,137 basehttp 65289 6174011392 "GET /admin/user/verificationcode/ HTTP/1.1" 200 14790
INFO 2025-05-21 13:11:52,157 basehttp 65289 6174011392 "GET /admin/jsi18n/ HTTP/1.1" 200 8560
INFO 2025-05-21 13:12:07,393 basehttp 65289 6174011392 "GET /admin/user/user/ HTTP/1.1" 200 16333
INFO 2025-05-21 13:12:07,433 basehttp 65289 6174011392 "GET /admin/jsi18n/ HTTP/1.1" 200 8560
INFO 2025-05-21 13:12:10,463 basehttp 65289 6174011392 "GET /admin/user/systemsetting/ HTTP/1.1" 200 12976
INFO 2025-05-21 13:12:10,514 basehttp 65289 6174011392 "GET /admin/jsi18n/ HTTP/1.1" 200 8560
INFO 2025-05-21 13:12:12,856 basehttp 65289 6174011392 "GET /admin/user/invitationcode/ HTTP/1.1" 200 19372
INFO 2025-05-21 13:12:12,896 basehttp 65289 6174011392 "GET /admin/jsi18n/ HTTP/1.1" 200 8560
INFO 2025-05-21 13:12:14,901 basehttp 65289 6174011392 "GET /admin/user/invitationrecord/ HTTP/1.1" 200 14363
INFO 2025-05-21 13:12:14,917 basehttp 65289 6174011392 "GET /admin/jsi18n/ HTTP/1.1" 200 8560
INFO 2025-05-21 13:13:30,355 autoreload 65289 8462421120 /Users/liuzhao/Documents/Projects/Cooltrade/backend/user/admin.py changed, reloading.
INFO 2025-05-21 13:13:31,217 autoreload 65785 8462421120 Watching for file changes with StatReloader
INFO 2025-05-21 13:13:42,824 autoreload 65785 8462421120 /Users/liuzhao/Documents/Projects/Cooltrade/backend/user/admin.py changed, reloading.
INFO 2025-05-21 13:13:43,276 autoreload 65832 8462421120 Watching for file changes with StatReloader
INFO 2025-05-21 13:13:54,119 autoreload 65832 8462421120 /Users/liuzhao/Documents/Projects/Cooltrade/backend/user/admin.py changed, reloading.
INFO 2025-05-21 13:13:54,557 autoreload 65854 8462421120 Watching for file changes with StatReloader
INFO 2025-05-21 13:15:06,301 autoreload 65854 8462421120 /Users/liuzhao/Documents/Projects/Cooltrade/backend/config/urls.py changed, reloading.
INFO 2025-05-21 13:15:06,980 autoreload 66009 8462421120 Watching for file changes with StatReloader
INFO 2025-05-21 13:15:19,248 autoreload 66197 8462421120 Watching for file changes with StatReloader
INFO 2025-05-21 13:15:40,377 basehttp 66197 6163623936 "GET /admin/user/ HTTP/1.1" 302 0
INFO 2025-05-21 13:15:40,548 basehttp 66197 6163623936 "GET /admin/login/?next=/admin/user/ HTTP/1.1" 200 4193
WARNING 2025-05-21 13:15:47,000 log 66009 6204469248 Not Found: /admin/user/invitationrecord/
WARNING 2025-05-21 13:15:47,001 basehttp 66009 6204469248 "GET /admin/user/invitationrecord/ HTTP/1.1" 404 3839
WARNING 2025-05-21 13:15:48,280 log 66009 6204469248 Not Found: /admin/user/invitationrecord/
WARNING 2025-05-21 13:15:48,281 basehttp 66009 6204469248 "GET /admin/user/invitationrecord/ HTTP/1.1" 404 3839
WARNING 2025-05-21 13:15:49,791 log 66009 6204469248 Not Found: /admin/user/invitationcode/
WARNING 2025-05-21 13:15:49,792 basehttp 66009 6204469248 "GET /admin/user/invitationcode/ HTTP/1.1" 404 3833
INFO 2025-05-21 13:15:53,780 basehttp 66009 6204469248 "GET / HTTP/1.1" 200 32279
INFO 2025-05-21 13:16:01,163 basehttp 66009 6204469248 "GET /admin/ HTTP/1.1" 200 4510
INFO 2025-05-21 13:16:05,817 basehttp 66009 6204469248 "GET /admin/ HTTP/1.1" 200 4510
INFO 2025-05-21 13:16:30,303 basehttp 66009 6204469248 "POST /admin/logout/ HTTP/1.1" 200 3569
INFO 2025-05-21 13:16:31,672 basehttp 66009 6204469248 "GET /admin/ HTTP/1.1" 302 0
INFO 2025-05-21 13:16:31,691 basehttp 66009 6204469248 "GET /admin/login/?next=/admin/ HTTP/1.1" 200 4183
INFO 2025-05-21 13:16:31,702 basehttp 66009 6204469248 "GET /static/admin/css/login.css HTTP/1.1" 304 0
INFO 2025-05-21 13:16:37,750 basehttp 66009 6204469248 "POST /admin/login/?next=/admin/ HTTP/1.1" 302 0
INFO 2025-05-21 13:16:37,762 basehttp 66009 6204469248 "GET /admin/ HTTP/1.1" 200 4510
INFO 2025-05-21 13:17:12,691 autoreload 66009 8462421120 /Users/liuzhao/Documents/Projects/Cooltrade/backend/user/admin_site.py changed, reloading.
INFO 2025-05-21 13:17:13,227 autoreload 66413 8462421120 Watching for file changes with StatReloader
INFO 2025-05-21 13:17:23,123 autoreload 66413 8462421120 /Users/liuzhao/Documents/Projects/Cooltrade/backend/config/urls.py changed, reloading.
INFO 2025-05-21 13:17:23,519 autoreload 66435 8462421120 Watching for file changes with StatReloader
INFO 2025-05-21 13:17:50,884 autoreload 66655 8462421120 Watching for file changes with StatReloader
INFO 2025-05-21 13:17:55,748 basehttp 66435 6161428480 "GET /admin/ HTTP/1.1" 200 10438
INFO 2025-05-21 13:18:02,030 basehttp 66435 6161428480 "GET /admin/user/user/ HTTP/1.1" 200 15709
INFO 2025-05-21 13:18:02,069 basehttp 66435 6161428480 "GET /admin/jsi18n/ HTTP/1.1" 200 8560
INFO 2025-05-21 13:18:05,447 basehttp 66435 6161428480 "GET /admin/user/systemsetting/ HTTP/1.1" 200 12709
INFO 2025-05-21 13:18:05,478 basehttp 66435 6161428480 "GET /admin/jsi18n/ HTTP/1.1" 200 8560
INFO 2025-05-21 13:18:06,331 basehttp 66435 6161428480 "GET /admin/user/invitationcode/ HTTP/1.1" 200 18272
INFO 2025-05-21 13:18:06,361 basehttp 66435 6161428480 "GET /admin/jsi18n/ HTTP/1.1" 200 8560
INFO 2025-05-21 13:18:08,528 basehttp 66435 6161428480 "GET /admin/user/invitationrecord/ HTTP/1.1" 200 14363
INFO 2025-05-21 13:18:08,551 basehttp 66435 6161428480 "GET /admin/jsi18n/ HTTP/1.1" 200 8560
INFO 2025-05-21 13:18:11,458 basehttp 66435 6161428480 "GET /admin/user/verificationcode/ HTTP/1.1" 200 14790
INFO 2025-05-21 13:18:11,487 basehttp 66435 6161428480 "GET /admin/jsi18n/ HTTP/1.1" 200 8560
INFO 2025-05-21 13:18:12,971 basehttp 66435 6161428480 "GET /admin/user/invitationcode/ HTTP/1.1" 200 18272
INFO 2025-05-21 13:18:13,010 basehttp 66435 6161428480 "GET /admin/jsi18n/ HTTP/1.1" 200 8560
INFO 2025-05-21 13:18:13,347 basehttp 66435 6161428480 "GET /admin/user/systemsetting/ HTTP/1.1" 200 12709
INFO 2025-05-21 13:18:13,367 basehttp 66435 6161428480 "GET /admin/jsi18n/ HTTP/1.1" 200 8560
INFO 2025-05-21 13:18:14,095 basehttp 66435 6161428480 "GET /admin/user/user/ HTTP/1.1" 200 15709
INFO 2025-05-21 13:18:14,112 basehttp 66435 6161428480 "GET /admin/jsi18n/ HTTP/1.1" 200 8560
INFO 2025-05-21 13:18:14,408 basehttp 66655 6167900160 "GET /admin/ HTTP/1.1" 302 0
INFO 2025-05-21 13:18:14,460 basehttp 66655 6167900160 "GET /admin/login/?next=/admin/ HTTP/1.1" 200 4188
INFO 2025-05-21 13:18:18,604 basehttp 66435 6161428480 "GET /admin/user/user/ HTTP/1.1" 200 15709
INFO 2025-05-21 13:18:18,627 basehttp 66435 6161428480 "GET /admin/jsi18n/ HTTP/1.1" 200 8560
INFO 2025-05-21 13:18:20,701 basehttp 66435 6161428480 "GET /admin/CryptoAnalyst/token/ HTTP/1.1" 200 34868
INFO 2025-05-21 13:18:20,719 basehttp 66435 6161428480 "GET /admin/jsi18n/ HTTP/1.1" 200 8560
INFO 2025-05-21 13:18:21,918 basehttp 66435 6161428480 "GET /admin/CryptoAnalyst/chain/ HTTP/1.1" 200 11999
INFO 2025-05-21 13:18:21,937 basehttp 66435 6161428480 "GET /admin/jsi18n/ HTTP/1.1" 200 8560
INFO 2025-05-21 13:18:23,195 basehttp 66435 6161428480 "GET /admin/user/user/ HTTP/1.1" 200 15709
INFO 2025-05-21 13:18:23,230 basehttp 66435 6161428480 "GET /admin/jsi18n/ HTTP/1.1" 200 8560
INFO 2025-05-21 13:18:26,753 basehttp 66435 6161428480 "GET /admin/user/systemsetting/ HTTP/1.1" 200 12709
INFO 2025-05-21 13:18:26,795 basehttp 66435 6161428480 "GET /admin/jsi18n/ HTTP/1.1" 200 8560
INFO 2025-05-21 13:18:27,494 basehttp 66435 6161428480 "GET /admin/user/invitationcode/ HTTP/1.1" 200 18272
INFO 2025-05-21 13:18:27,509 basehttp 66435 6161428480 "GET /admin/jsi18n/ HTTP/1.1" 200 8560
INFO 2025-05-21 13:18:28,182 basehttp 66435 6161428480 "GET /admin/user/invitationrecord/ HTTP/1.1" 200 14363
INFO 2025-05-21 13:18:28,197 basehttp 66435 6161428480 "GET /admin/jsi18n/ HTTP/1.1" 200 8560
INFO 2025-05-21 13:18:28,740 basehttp 66435 6161428480 "GET /admin/user/verificationcode/ HTTP/1.1" 200 14790
INFO 2025-05-21 13:18:28,758 basehttp 66435 6161428480 "GET /admin/jsi18n/ HTTP/1.1" 200 8560
INFO 2025-05-21 13:19:12,675 autoreload 66435 8462421120 /Users/liuzhao/Documents/Projects/Cooltrade/backend/user/admin.py changed, reloading.
INFO 2025-05-21 13:19:13,209 autoreload 66831 8462421120 Watching for file changes with StatReloader
INFO 2025-05-21 13:19:28,165 autoreload 66831 8462421120 /Users/liuzhao/Documents/Projects/Cooltrade/backend/user/admin.py changed, reloading.
INFO 2025-05-21 13:19:28,861 autoreload 66866 8462421120 Watching for file changes with StatReloader
INFO 2025-05-21 13:19:50,000 autoreload 66866 8462421120 /Users/liuzhao/Documents/Projects/Cooltrade/backend/user/admin.py changed, reloading.
INFO 2025-05-21 13:19:50,866 autoreload 66935 8462421120 Watching for file changes with StatReloader
INFO 2025-05-21 13:20:00,845 autoreload 66935 8462421120 /Users/liuzhao/Documents/Projects/Cooltrade/backend/user/admin.py changed, reloading.
INFO 2025-05-21 13:20:01,489 autoreload 66964 8462421120 Watching for file changes with StatReloader
INFO 2025-05-21 13:21:48,949 autoreload 66964 8462421120 /Users/liuzhao/Documents/Projects/Cooltrade/backend/user/admin.py changed, reloading.
INFO 2025-05-21 13:21:49,857 autoreload 67165 8462421120 Watching for file changes with StatReloader
INFO 2025-05-21 13:21:59,131 autoreload 67344 8462421120 Watching for file changes with StatReloader
INFO 2025-05-21 13:22:23,761 basehttp 67344 6171095040 "GET /admin/ HTTP/1.1" 302 0
INFO 2025-05-21 13:22:23,861 basehttp 67344 6171095040 "GET /admin/login/?next=/admin/ HTTP/1.1" 200 4188
INFO 2025-05-21 13:22:43,283 basehttp 67165 6194442240 "GET /admin/user/verificationcode/ HTTP/1.1" 200 14790
INFO 2025-05-21 13:22:43,343 basehttp 67165 6194442240 "GET /admin/jsi18n/ HTTP/1.1" 200 8560
INFO 2025-05-21 13:22:44,329 basehttp 67165 6194442240 "GET /admin/user/verificationcode/ HTTP/1.1" 200 14790
INFO 2025-05-21 13:22:44,364 basehttp 67165 6194442240 "GET /admin/jsi18n/ HTTP/1.1" 200 8560
INFO 2025-05-21 13:23:11,203 basehttp 67165 6194442240 "GET /admin/user/user/ HTTP/1.1" 200 15709
INFO 2025-05-21 13:23:11,228 basehttp 67165 6194442240 "GET /admin/jsi18n/ HTTP/1.1" 200 8560
INFO 2025-05-21 13:23:15,038 basehttp 67165 6194442240 "GET /admin/user/user/ HTTP/1.1" 200 15709
INFO 2025-05-21 13:23:15,058 basehttp 67165 6194442240 "GET /admin/jsi18n/ HTTP/1.1" 200 8560
INFO 2025-05-21 13:23:16,199 basehttp 67165 6194442240 "GET /admin/user/user/ HTTP/1.1" 200 15709
INFO 2025-05-21 13:23:16,211 basehttp 67165 6194442240 "GET /admin/jsi18n/ HTTP/1.1" 200 8560
INFO 2025-05-21 13:23:16,392 basehttp 67165 6194442240 "GET /admin/user/user/ HTTP/1.1" 200 15709
INFO 2025-05-21 13:23:16,405 basehttp 67165 6194442240 "GET /admin/jsi18n/ HTTP/1.1" 200 8560
INFO 2025-05-21 13:23:20,298 basehttp 67165 6194442240 "GET /admin/user/systemsetting/ HTTP/1.1" 200 12709
INFO 2025-05-21 13:23:20,330 basehttp 67165 6194442240 "GET /admin/jsi18n/ HTTP/1.1" 200 8560
INFO 2025-05-21 13:23:21,832 basehttp 67165 6194442240 "GET /admin/user/invitationcode/ HTTP/1.1" 200 18272
INFO 2025-05-21 13:23:21,849 basehttp 67165 6194442240 "GET /admin/jsi18n/ HTTP/1.1" 200 8560
INFO 2025-05-21 13:23:24,672 basehttp 67165 6194442240 "GET /admin/user/user/ HTTP/1.1" 200 15709
INFO 2025-05-21 13:23:24,690 basehttp 67165 6194442240 "GET /admin/jsi18n/ HTTP/1.1" 200 8560
INFO 2025-05-21 13:23:27,089 basehttp 67165 6194442240 "GET /admin/user/user/?o=5 HTTP/1.1" 200 16177
INFO 2025-05-21 13:23:27,411 basehttp 67165 6194442240 "GET /admin/jsi18n/ HTTP/1.1" 200 8560
INFO 2025-05-21 13:23:28,366 basehttp 67165 6194442240 "GET /admin/user/user/?o=-5 HTTP/1.1" 200 16197
INFO 2025-05-21 13:23:28,381 basehttp 67165 6194442240 "GET /admin/jsi18n/ HTTP/1.1" 200 8560
