2025-05-20 11:01:53,671 [INFO] 开始导入Gate.io热门代币...
2025-05-20 11:01:53,671 [INFO] 获取交易量最大的100个代币...
2025-05-20 11:01:54,657 [INFO] 成功获取100个热门USDT交易对
2025-05-20 11:01:54,694 [INFO] 创建了新的USDT链记录
2025-05-20 11:01:54,701 [INFO] 导入新代币: BTC, 价格: 105026.6, 24小时交易量: 661702510.708
2025-05-20 11:01:54,704 [INFO] 导入新代币: ETH, 价格: 2515.68, 24小时交易量: 455984544.19312
2025-05-20 11:01:54,708 [INFO] 导入新代币: SOL, 价格: 166.35, 24小时交易量: 76569157.72214
2025-05-20 11:01:54,711 [INFO] 导入新代币: PI, 价格: 0.72417, 24小时交易量: 55595914.712034
2025-05-20 11:01:54,715 [INFO] 导入新代币: MOODENG, 价格: 0.23849, 24小时交易量: 55322194.537304
2025-05-20 11:01:54,720 [INFO] 导入新代币: DOGE, 价格: 0.22042, 24小时交易量: 43991722.015076
2025-05-20 11:01:54,724 [INFO] 导入新代币: PEPE, 价格: 1.2711e-05, 24小时交易量: 43198281.062274
2025-05-20 11:01:54,727 [INFO] 导入新代币: SUI, 价格: 3.8458, 24小时交易量: 37457582.196164
2025-05-20 11:01:54,731 [INFO] 导入新代币: DAOLITY, 价格: 0.0024529, 24小时交易量: 36230367.17088
2025-05-20 11:01:54,734 [INFO] 导入新代币: USDC, 价格: 0.9998, 24小时交易量: 26587581.634056
2025-05-20 11:01:54,736 [INFO] 导入新代币: AAVE, 价格: 262.29, 24小时交易量: 24800199.63204
2025-05-20 11:01:54,740 [INFO] 导入新代币: XRP, 价格: 2.344, 24小时交易量: 24741356.17642
2025-05-20 11:01:54,742 [INFO] 导入新代币: FARTCOIN, 价格: 1.2069, 24小时交易量: 23459164.470796
2025-05-20 11:01:54,744 [INFO] 导入新代币: EIGEN, 价格: 1.3673, 24小时交易量: 22946646.931928
2025-05-20 11:01:54,746 [INFO] 导入新代币: VIRTUAL, 价格: 1.9117, 24小时交易量: 22479300.426
2025-05-20 11:01:54,749 [INFO] 导入新代币: NXPC, 价格: 1.7916, 24小时交易量: 21882125.120348
2025-05-20 11:01:54,752 [INFO] 导入新代币: LTC, 价格: 93.04, 24小时交易量: 20862484.110906
2025-05-20 11:01:54,754 [INFO] 导入新代币: WLD, 价格: 1.092, 24小时交易量: 20582715.682264
2025-05-20 11:01:54,758 [INFO] 导入新代币: ENA, 价格: 0.369, 24小时交易量: 20339227.098412
2025-05-20 11:01:54,763 [INFO] 导入新代币: TRUMP, 价格: 13.081, 24小时交易量: 20008539.73316
2025-05-20 11:01:54,769 [INFO] 导入新代币: WIF, 价格: 0.9384, 24小时交易量: 19897371.360682
2025-05-20 11:01:54,785 [INFO] 导入新代币: AI16Z, 价格: 0.28698, 24小时交易量: 19848953.4208006
2025-05-20 11:01:54,800 [INFO] 导入新代币: NEIROCTO, 价格: 0.0005383, 24小时交易量: 19792414.379711
2025-05-20 11:01:54,813 [INFO] 导入新代币: OP, 价格: 0.7017, 24小时交易量: 19645561.473316
2025-05-20 11:01:54,819 [INFO] 导入新代币: KAS, 价格: 0.11189, 24小时交易量: 18832757.7458756
2025-05-20 11:01:54,828 [INFO] 导入新代币: INJ, 价格: 11.782, 24小时交易量: 18722151.92458
2025-05-20 11:01:54,833 [INFO] 导入新代币: GNC, 价格: 4.186e-05, 24小时交易量: 17987597.3523938
2025-05-20 11:01:54,836 [INFO] 导入新代币: SONIC, 价格: 0.30729, 24小时交易量: 15569696.6165372
2025-05-20 11:01:54,840 [INFO] 导入新代币: ETHFI, 价格: 1.2733, 24小时交易量: 14684775.358892
2025-05-20 11:01:54,845 [INFO] 导入新代币: GOAT, 价格: 0.15365, 24小时交易量: 14215802.5657784
2025-05-20 11:01:54,855 [INFO] 导入新代币: LAUNCHCOIN, 价格: 0.2476, 24小时交易量: 13578357.272422
2025-05-20 11:01:54,859 [INFO] 导入新代币: DOGE5L, 价格: 0.004311, 24小时交易量: 13378733.2143584
2025-05-20 11:01:54,864 [INFO] 导入新代币: ONDO, 价格: 0.9322, 24小时交易量: 13376111.785862
2025-05-20 11:01:54,866 [INFO] 导入新代币: PROMPT, 价格: 0.2742, 24小时交易量: 13150743.938484
2025-05-20 11:01:54,870 [INFO] 导入新代币: ADA, 价格: 0.7286, 24小时交易量: 12373444.195296
2025-05-20 11:01:54,874 [INFO] 导入新代币: HBAR, 价格: 0.19406, 24小时交易量: 11784448.2027602
2025-05-20 11:01:54,880 [INFO] 导入新代币: ARB, 价格: 0.3893, 24小时交易量: 11508682.02178
2025-05-20 11:01:54,882 [INFO] 导入新代币: FET, 价格: 0.7218, 24小时交易量: 11142250.44306
2025-05-20 11:01:54,884 [INFO] 导入新代币: NEAR, 价格: 2.736, 24小时交易量: 10913049.46982
2025-05-20 11:01:54,891 [INFO] 导入新代币: LINK, 价格: 15.721, 24小时交易量: 10752227.49218
2025-05-20 11:01:54,896 [INFO] 导入新代币: REX, 价格: 0.020234, 24小时交易量: 10656320.0951132
2025-05-20 11:01:54,901 [INFO] 导入新代币: TAO, 价格: 419.2, 24小时交易量: 10378394.51542
2025-05-20 11:01:54,907 [INFO] 导入新代币: MUBARAK, 价格: 0.05427, 24小时交易量: 10065739.1870532
2025-05-20 11:01:54,911 [INFO] 导入新代币: POPCAT, 价格: 0.4327, 24小时交易量: 9846325.129506
2025-05-20 11:01:54,914 [INFO] 导入新代币: TURBO, 价格: 0.005315, 24小时交易量: 9839280.7442468
2025-05-20 11:01:54,917 [INFO] 导入新代币: WCT, 价格: 0.6185, 24小时交易量: 9629328.923072
2025-05-20 11:01:54,921 [INFO] 导入新代币: GALA, 价格: 0.01851, 24小时交易量: 9253443.2564506
2025-05-20 11:01:54,923 [INFO] 导入新代币: TRX, 价格: 0.27316, 24小时交易量: 9189194.1054566
2025-05-20 11:01:54,926 [INFO] 导入新代币: DEEP, 价格: 0.18344, 24小时交易量: 9087677.56938
2025-05-20 11:01:54,931 [INFO] 导入新代币: UNI, 价格: 5.844, 24小时交易量: 8990290.7384
2025-05-20 11:01:54,933 [INFO] 导入新代币: VELAAI, 价格: 0.1767, 24小时交易量: 8980074.34956
2025-05-20 11:01:54,935 [INFO] 导入新代币: BUZZ, 价格: 0.007654, 24小时交易量: 8968886.2924136
2025-05-20 11:01:54,940 [INFO] 导入新代币: NUMI, 价格: 0.06785, 24小时交易量: 8913684.1142496
2025-05-20 11:01:54,942 [INFO] 导入新代币: SYRUP, 价格: 0.36458, 24小时交易量: 8809756.519621
2025-05-20 11:01:54,944 [INFO] 导入新代币: XAI, 价格: 0.07751, 24小时交易量: 8703946.429075
2025-05-20 11:01:54,946 [INFO] 导入新代币: INIT, 价格: 0.869, 24小时交易量: 8179845.988958
2025-05-20 11:01:54,949 [INFO] 导入新代币: NEIROETH, 价格: 0.07478, 24小时交易量: 8167976.7888312
2025-05-20 11:01:54,951 [INFO] 导入新代币: CRV, 价格: 0.7107, 24小时交易量: 8113197.786438
2025-05-20 11:01:54,953 [INFO] 导入新代币: HYPE, 价格: 26.13, 24小时交易量: 8096039.6312
2025-05-20 11:01:54,955 [INFO] 导入新代币: BNB, 价格: 645.0, 24小时交易量: 8061592.4629
2025-05-20 11:01:54,956 [INFO] 导入新代币: PNUT, 价格: 0.31627, 24小时交易量: 7871222.2877232
2025-05-20 11:01:54,962 [INFO] 导入新代币: SNAKEAI, 价格: 0.0005297, 24小时交易量: 7681104.4442778
2025-05-20 11:01:54,970 [INFO] 导入新代币: COW, 价格: 0.3963, 24小时交易量: 7615475.769498
2025-05-20 11:01:54,974 [INFO] 导入新代币: BRETT, 价格: 0.06566, 24小时交易量: 7588441.801376
2025-05-20 11:01:54,978 [INFO] 导入新代币: BOME, 价格: 0.0021301, 24小时交易量: 7278882.1657586
2025-05-20 11:01:54,981 [INFO] 导入新代币: ETH5L, 价格: 0.0080623, 24小时交易量: 7259931.7805012
2025-05-20 11:01:54,985 [INFO] 导入新代币: PEOPLE, 价格: 0.02411, 24小时交易量: 7184339.106124
2025-05-20 11:01:54,991 [INFO] 导入新代币: BONK, 价格: 1.9314e-05, 24小时交易量: 7157049.0721546
2025-05-20 11:01:54,994 [INFO] 导入新代币: SKYAI, 价格: 0.06647, 24小时交易量: 6963878.1992882
2025-05-20 11:01:55,001 [INFO] 导入新代币: LDO, 价格: 0.8561, 24小时交易量: 6402608.329224
2025-05-20 11:01:55,003 [INFO] 导入新代币: ARKM, 价格: 0.6315, 24小时交易量: 6329889.00116
2025-05-20 11:01:55,007 [INFO] 导入新代币: ETH5S, 价格: 1.18776, 24小时交易量: 6270657.627344
2025-05-20 11:01:55,010 [INFO] 导入新代币: DEGEN, 价格: 0.006295, 24小时交易量: 6203882.1066382
2025-05-20 11:01:55,012 [INFO] 导入新代币: PLUME, 价格: 0.16923, 24小时交易量: 6155794.2345152
2025-05-20 11:01:55,014 [INFO] 导入新代币: PENDLE, 价格: 4.359, 24小时交易量: 6109638.05578
2025-05-20 11:01:55,016 [INFO] 导入新代币: ROAM, 价格: 0.16802, 24小时交易量: 6061638.8066
2025-05-20 11:01:55,020 [INFO] 导入新代币: SAROS, 价格: 0.158325, 24小时交易量: 6021941.1937934
2025-05-20 11:01:55,022 [INFO] 导入新代币: EOS, 价格: 0.7577, 24小时交易量: 5960490.49061
2025-05-20 11:01:55,024 [INFO] 导入新代币: W, 价格: 0.09326, 24小时交易量: 5937365.1558756
2025-05-20 11:01:55,025 [INFO] 导入新代币: ORDI, 价格: 9.364, 24小时交易量: 5832527.806506
2025-05-20 11:01:55,028 [INFO] 导入新代币: KAITO, 价格: 1.8368, 24小时交易量: 5546578.516216
2025-05-20 11:01:55,030 [INFO] 导入新代币: MASK, 价格: 1.772, 24小时交易量: 5511720.26666
2025-05-20 11:01:55,032 [INFO] 导入新代币: GALA5L, 价格: 0.012321, 24小时交易量: 5508187.9775404
2025-05-20 11:01:55,033 [INFO] 导入新代币: TON, 价格: 3.044, 24小时交易量: 5503557.14276
2025-05-20 11:01:55,035 [INFO] 导入新代币: SATS, 价格: 4.897e-08, 24小时交易量: 5481109.4756022
2025-05-20 11:01:55,038 [INFO] 导入新代币: AVAAI, 价格: 0.05804, 24小时交易量: 5197136.2785308
2025-05-20 11:01:55,040 [INFO] 导入新代币: PENGU, 价格: 0.012302, 24小时交易量: 5173139.0480654
2025-05-20 11:01:55,042 [INFO] 导入新代币: GORK, 价格: 0.02054, 24小时交易量: 5156051.6298556
2025-05-20 11:01:55,044 [INFO] 导入新代币: GRASS, 价格: 2.0444, 24小时交易量: 5027657.870368
2025-05-20 11:01:55,049 [INFO] 导入新代币: PYTH, 价格: 0.1327, 24小时交易量: 5012936.63309
2025-05-20 11:01:55,051 [INFO] 导入新代币: DOT, 价格: 4.556, 24小时交易量: 4969259.26544
2025-05-20 11:01:55,053 [INFO] 导入新代币: CHILLGUY, 价格: 0.07746, 24小时交易量: 4951377.2161222
2025-05-20 11:01:55,054 [INFO] 导入新代币: ATH, 价格: 0.04824, 24小时交易量: 4762673.9340582
2025-05-20 11:01:55,056 [INFO] 导入新代币: FIL, 价格: 2.822, 24小时交易量: 4677290.30594
2025-05-20 11:01:55,059 [INFO] 导入新代币: LGCT, 价格: 1.9962, 24小时交易量: 4578946.683162
2025-05-20 11:01:55,061 [INFO] 导入新代币: AVAX, 价格: 22.15, 24小时交易量: 4500013.120826
2025-05-20 11:01:55,063 [INFO] 导入新代币: HFT, 价格: 0.0725, 24小时交易量: 4331965.1302568
2025-05-20 11:01:55,064 [INFO] 导入新代币: SUNDOG, 价格: 0.06678, 24小时交易量: 4300910.6558758
2025-05-20 11:01:55,066 [INFO] 导入新代币: IO, 价格: 0.9472, 24小时交易量: 4240204.725484
2025-05-20 11:01:55,070 [INFO] 导入新代币: ANIME, 价格: 0.023622, 24小时交易量: 4204541.82895
2025-05-20 11:01:55,070 [INFO] 导入完成。新导入: 100, 已更新: 0, 总计: 100
2025-05-20 11:01:55,070 [INFO] 导入过程完成
