2025-05-20 11:01:40,077 [INFO] 开始执行任务
2025-05-20 11:01:40,078 [INFO] 开始执行技术指标更新任务
2025-05-20 11:01:40,084 [INFO] 开始执行技术指标参数更新任务
2025-05-20 11:01:40,097 [WARNING] 数据库中没有找到代币记录
2025-05-20 11:01:40,097 [INFO] 技术指标更新任务执行结果: 数据库中没有找到代币记录
2025-05-20 11:01:40,098 [INFO] 等待5秒...
2025-05-20 11:01:45,104 [INFO] 开始执行报告生成任务
2025-05-20 11:01:45,105 [INFO] 开始执行分析报告生成任务
2025-05-20 11:01:45,108 [WARNING] 数据库中没有找到代币记录
2025-05-20 11:01:45,109 [INFO] 报告生成任务执行结果: 数据库中没有找到代币记录
2025-05-20 11:01:45,109 [INFO] 任务执行完成，总耗时: 5.03秒
2025-05-20 11:01:45,109 [INFO] 脚本执行结束
2025-05-20 11:02:04,825 [INFO] 开始执行任务
2025-05-20 11:02:04,826 [INFO] 开始执行技术指标更新任务
2025-05-20 11:02:04,831 [INFO] 开始执行技术指标参数更新任务
2025-05-20 11:02:07,977 [INFO] 成功更新代币 BTC 的技术指标数据，ID: 297
2025-05-20 11:02:11,363 [INFO] 成功更新代币 ETH 的技术指标数据，ID: 298
2025-05-20 11:02:14,554 [INFO] 成功更新代币 SOL 的技术指标数据，ID: 299
2025-05-20 11:02:17,808 [INFO] 成功更新代币 PI 的技术指标数据，ID: 300
2025-05-20 11:02:21,261 [INFO] 成功更新代币 MOODENG 的技术指标数据，ID: 301
2025-05-20 11:02:24,481 [INFO] 成功更新代币 DOGE 的技术指标数据，ID: 302
2025-05-20 11:02:27,820 [INFO] 成功更新代币 PEPE 的技术指标数据，ID: 303
2025-05-20 11:02:31,080 [INFO] 成功更新代币 SUI 的技术指标数据，ID: 304
2025-05-20 11:02:32,560 [WARNING] 历史数据不足，尝试获取更少的历史数据: DAOLITYUSDT
2025-05-20 11:02:33,314 [WARNING] 无法获取足够的K线数据进行分析: DAOLITYUSDT
2025-05-20 11:02:33,314 [ERROR] 获取代币 DAOLITY 的技术指标数据失败: 无法获取DAOLITYUSDT的K线数据
2025-05-20 11:02:36,934 [INFO] 成功更新代币 USDC 的技术指标数据，ID: 305
2025-05-20 11:02:40,087 [INFO] 成功更新代币 AAVE 的技术指标数据，ID: 306
2025-05-20 11:02:43,368 [INFO] 成功更新代币 XRP 的技术指标数据，ID: 307
2025-05-20 11:02:46,556 [INFO] 成功更新代币 FARTCOIN 的技术指标数据，ID: 308
2025-05-20 11:02:49,964 [INFO] 成功更新代币 EIGEN 的技术指标数据，ID: 309
2025-05-20 11:02:53,372 [INFO] 成功更新代币 VIRTUAL 的技术指标数据，ID: 310
2025-05-20 11:02:54,929 [WARNING] 历史数据不足，尝试获取更少的历史数据: NXPCUSDT
2025-05-20 11:02:55,697 [WARNING] 无法获取足够的K线数据进行分析: NXPCUSDT
2025-05-20 11:02:55,698 [ERROR] 获取代币 NXPC 的技术指标数据失败: 无法获取NXPCUSDT的K线数据
2025-05-20 11:02:59,214 [INFO] 成功更新代币 LTC 的技术指标数据，ID: 311
2025-05-20 11:03:02,480 [INFO] 成功更新代币 WLD 的技术指标数据，ID: 312
2025-05-20 11:03:05,570 [INFO] 成功更新代币 ENA 的技术指标数据，ID: 313
2025-05-20 11:03:08,746 [INFO] 成功更新代币 TRUMP 的技术指标数据，ID: 314
2025-05-20 11:03:12,272 [INFO] 成功更新代币 WIF 的技术指标数据，ID: 315
2025-05-20 11:03:15,463 [INFO] 成功更新代币 AI16Z 的技术指标数据，ID: 316
2025-05-20 11:03:18,745 [INFO] 成功更新代币 NEIROCTO 的技术指标数据，ID: 317
2025-05-20 11:03:22,457 [INFO] 成功更新代币 OP 的技术指标数据，ID: 318
2025-05-20 11:03:25,708 [INFO] 成功更新代币 KAS 的技术指标数据，ID: 319
2025-05-20 11:03:29,235 [INFO] 成功更新代币 INJ 的技术指标数据，ID: 320
2025-05-20 11:03:30,713 [WARNING] 历史数据不足，尝试获取更少的历史数据: GNCUSDT
2025-05-20 11:03:31,380 [WARNING] 无法获取足够的K线数据进行分析: GNCUSDT
2025-05-20 11:03:31,380 [ERROR] 获取代币 GNC 的技术指标数据失败: 无法获取GNCUSDT的K线数据
2025-05-20 11:03:34,602 [INFO] 成功更新代币 SONIC 的技术指标数据，ID: 321
2025-05-20 11:03:38,017 [INFO] 成功更新代币 ETHFI 的技术指标数据，ID: 322
2025-05-20 11:03:41,147 [INFO] 成功更新代币 GOAT 的技术指标数据，ID: 323
2025-05-20 11:03:42,487 [WARNING] 历史数据不足，尝试获取更少的历史数据: LAUNCHCOINUSDT
2025-05-20 11:03:43,457 [WARNING] 无法获取足够的K线数据进行分析: LAUNCHCOINUSDT
2025-05-20 11:03:43,457 [ERROR] 获取代币 LAUNCHCOIN 的技术指标数据失败: 无法获取LAUNCHCOINUSDT的K线数据
2025-05-20 11:03:45,631 [WARNING] Gate API请求失败 (1/3): HTTP 400, 耗时: 0.75秒, URL: https://api.gateio.ws/api/v4/futures/usdt/funding_rate
2025-05-20 11:03:45,631 [WARNING] 响应内容: {"label":"CONTRACT_NOT_FOUND"}
2025-05-20 11:03:47,239 [WARNING] Gate API请求失败 (2/3): HTTP 400, 耗时: 0.61秒, URL: https://api.gateio.ws/api/v4/futures/usdt/funding_rate
2025-05-20 11:03:47,240 [WARNING] 响应内容: {"label":"CONTRACT_NOT_FOUND"}
2025-05-20 11:03:48,908 [WARNING] Gate API请求失败 (3/3): HTTP 400, 耗时: 0.67秒, URL: https://api.gateio.ws/api/v4/futures/usdt/funding_rate
2025-05-20 11:03:48,909 [WARNING] 响应内容: {"label":"CONTRACT_NOT_FOUND"}
2025-05-20 11:03:49,912 [ERROR] 在3次尝试后仍无法完成请求: None
2025-05-20 11:03:51,041 [WARNING] 无法获取 DOGE5LUSDT 的资金费率，使用默认值
2025-05-20 11:03:51,065 [INFO] 成功更新代币 DOGE5L 的技术指标数据，ID: 324
2025-05-20 11:03:54,440 [INFO] 成功更新代币 ONDO 的技术指标数据，ID: 325
2025-05-20 11:03:57,507 [WARNING] 数据量过少(41天)，无法计算高级指标，使用默认值
2025-05-20 11:03:57,510 [INFO] 成功更新代币 PROMPT 的技术指标数据，ID: 326
2025-05-20 11:04:00,618 [INFO] 成功更新代币 ADA 的技术指标数据，ID: 327
2025-05-20 11:04:04,028 [INFO] 成功更新代币 HBAR 的技术指标数据，ID: 328
2025-05-20 11:04:07,550 [INFO] 成功更新代币 ARB 的技术指标数据，ID: 329
2025-05-20 11:04:10,939 [INFO] 成功更新代币 FET 的技术指标数据，ID: 330
2025-05-20 11:04:14,076 [INFO] 成功更新代币 NEAR 的技术指标数据，ID: 331
2025-05-20 11:04:17,471 [INFO] 成功更新代币 LINK 的技术指标数据，ID: 332
2025-05-20 11:04:20,584 [INFO] 成功更新代币 REX 的技术指标数据，ID: 333
2025-05-20 11:04:24,000 [INFO] 成功更新代币 TAO 的技术指标数据，ID: 334
2025-05-20 11:04:27,291 [INFO] 成功更新代币 MUBARAK 的技术指标数据，ID: 335
2025-05-20 11:04:30,390 [INFO] 成功更新代币 POPCAT 的技术指标数据，ID: 336
2025-05-20 11:04:33,779 [INFO] 成功更新代币 TURBO 的技术指标数据，ID: 337
2025-05-20 11:04:36,947 [WARNING] 数据量过少(36天)，无法计算高级指标，使用默认值
2025-05-20 11:04:36,953 [INFO] 成功更新代币 WCT 的技术指标数据，ID: 338
2025-05-20 11:04:40,088 [INFO] 成功更新代币 GALA 的技术指标数据，ID: 339
2025-05-20 11:04:43,188 [INFO] 成功更新代币 TRX 的技术指标数据，ID: 340
2025-05-20 11:04:46,315 [INFO] 成功更新代币 DEEP 的技术指标数据，ID: 341
2025-05-20 11:04:49,567 [INFO] 成功更新代币 UNI 的技术指标数据，ID: 342
2025-05-20 11:04:50,927 [WARNING] 历史数据不足，尝试获取更少的历史数据: VELAAIUSDT
2025-05-20 11:04:51,607 [WARNING] 无法获取足够的K线数据进行分析: VELAAIUSDT
2025-05-20 11:04:51,608 [ERROR] 获取代币 VELAAI 的技术指标数据失败: 无法获取VELAAIUSDT的K线数据
2025-05-20 11:04:54,873 [INFO] 成功更新代币 BUZZ 的技术指标数据，ID: 343
2025-05-20 11:04:56,986 [WARNING] Gate API请求失败 (1/3): HTTP 400, 耗时: 0.69秒, URL: https://api.gateio.ws/api/v4/futures/usdt/funding_rate
2025-05-20 11:04:56,986 [WARNING] 响应内容: {"label":"CONTRACT_NOT_FOUND"}
2025-05-20 11:04:58,650 [WARNING] Gate API请求失败 (2/3): HTTP 400, 耗时: 0.66秒, URL: https://api.gateio.ws/api/v4/futures/usdt/funding_rate
2025-05-20 11:04:58,652 [WARNING] 响应内容: {"label":"CONTRACT_NOT_FOUND"}
2025-05-20 11:05:00,391 [WARNING] Gate API请求失败 (3/3): HTTP 400, 耗时: 0.74秒, URL: https://api.gateio.ws/api/v4/futures/usdt/funding_rate
2025-05-20 11:05:00,392 [WARNING] 响应内容: {"label":"CONTRACT_NOT_FOUND"}
2025-05-20 11:05:01,393 [ERROR] 在3次尝试后仍无法完成请求: None
2025-05-20 11:05:02,795 [WARNING] 无法获取 NUMIUSDT 的资金费率，使用默认值
2025-05-20 11:05:02,813 [INFO] 成功更新代币 NUMI 的技术指标数据，ID: 344
2025-05-20 11:05:05,912 [INFO] 成功更新代币 SYRUP 的技术指标数据，ID: 345
2025-05-20 11:05:09,051 [INFO] 成功更新代币 XAI 的技术指标数据，ID: 346
2025-05-20 11:05:13,492 [WARNING] 数据量过少(27天)，无法计算高级指标，使用默认值
2025-05-20 11:05:13,492 [WARNING] 指标 ExchangeNetflow 的值无效: nan，使用默认值
2025-05-20 11:05:13,494 [INFO] 成功更新代币 INIT 的技术指标数据，ID: 347
2025-05-20 11:05:16,687 [INFO] 成功更新代币 NEIROETH 的技术指标数据，ID: 349
2025-05-20 11:05:19,852 [INFO] 成功更新代币 CRV 的技术指标数据，ID: 351
2025-05-20 11:05:23,087 [INFO] 成功更新代币 HYPE 的技术指标数据，ID: 353
2025-05-20 11:05:26,207 [INFO] 成功更新代币 BNB 的技术指标数据，ID: 355
2025-05-20 11:05:29,438 [INFO] 成功更新代币 PNUT 的技术指标数据，ID: 357
2025-05-20 11:05:31,535 [WARNING] Gate API请求失败 (1/3): HTTP 400, 耗时: 0.62秒, URL: https://api.gateio.ws/api/v4/futures/usdt/funding_rate
2025-05-20 11:05:31,536 [WARNING] 响应内容: {"label":"CONTRACT_NOT_FOUND"}
2025-05-20 11:05:33,187 [WARNING] Gate API请求失败 (2/3): HTTP 400, 耗时: 0.65秒, URL: https://api.gateio.ws/api/v4/futures/usdt/funding_rate
2025-05-20 11:05:33,187 [WARNING] 响应内容: {"label":"CONTRACT_NOT_FOUND"}
2025-05-20 11:05:34,833 [WARNING] Gate API请求失败 (3/3): HTTP 400, 耗时: 0.64秒, URL: https://api.gateio.ws/api/v4/futures/usdt/funding_rate
2025-05-20 11:05:34,834 [WARNING] 响应内容: {"label":"CONTRACT_NOT_FOUND"}
2025-05-20 11:05:35,835 [ERROR] 在3次尝试后仍无法完成请求: None
2025-05-20 11:05:37,090 [WARNING] 无法获取 SNAKEAIUSDT 的资金费率，使用默认值
2025-05-20 11:05:37,098 [INFO] 成功更新代币 SNAKEAI 的技术指标数据，ID: 359
2025-05-20 11:05:40,187 [INFO] 成功更新代币 COW 的技术指标数据，ID: 361
2025-05-20 11:05:43,718 [INFO] 成功更新代币 BRETT 的技术指标数据，ID: 363
2025-05-20 11:05:46,810 [INFO] 成功更新代币 BOME 的技术指标数据，ID: 365
2025-05-20 11:05:48,929 [WARNING] Gate API请求失败 (1/3): HTTP 400, 耗时: 0.67秒, URL: https://api.gateio.ws/api/v4/futures/usdt/funding_rate
2025-05-20 11:05:48,930 [WARNING] 响应内容: {"label":"CONTRACT_NOT_FOUND"}
2025-05-20 11:05:50,584 [WARNING] Gate API请求失败 (2/3): HTTP 400, 耗时: 0.65秒, URL: https://api.gateio.ws/api/v4/futures/usdt/funding_rate
2025-05-20 11:05:50,584 [WARNING] 响应内容: {"label":"CONTRACT_NOT_FOUND"}
2025-05-20 11:05:52,252 [WARNING] Gate API请求失败 (3/3): HTTP 400, 耗时: 0.66秒, URL: https://api.gateio.ws/api/v4/futures/usdt/funding_rate
2025-05-20 11:05:52,253 [WARNING] 响应内容: {"label":"CONTRACT_NOT_FOUND"}
2025-05-20 11:05:53,258 [ERROR] 在3次尝试后仍无法完成请求: None
2025-05-20 11:05:54,306 [WARNING] 无法获取 ETH5LUSDT 的资金费率，使用默认值
2025-05-20 11:05:54,318 [INFO] 成功更新代币 ETH5L 的技术指标数据，ID: 367
2025-05-20 11:05:57,495 [INFO] 成功更新代币 PEOPLE 的技术指标数据，ID: 369
2025-05-20 11:06:00,454 [INFO] 成功更新代币 BONK 的技术指标数据，ID: 370
2025-05-20 11:06:04,060 [WARNING] 数据量过少(29天)，无法计算高级指标，使用默认值
2025-05-20 11:06:04,060 [WARNING] 指标 ExchangeNetflow 的值无效: nan，使用默认值
2025-05-20 11:06:04,062 [ERROR] 更新代币 SKYAI 的技术指标数据时发生错误: (1062, "Duplicate entry '180-2025-05-20 00:00:00.000000' for key 'cryptoanalyst_technicalanalysis.CryptoAnalyst_technicala_token_id_period_start_240996bf_uniq'")
2025-05-20 11:06:07,164 [INFO] 成功更新代币 LDO 的技术指标数据，ID: 374
2025-05-20 11:06:10,344 [ERROR] 更新代币 ARKM 的技术指标数据时发生错误: (1062, "Duplicate entry '182-2025-05-20 00:00:00.000000' for key 'cryptoanalyst_technicalanalysis.CryptoAnalyst_technicala_token_id_period_start_240996bf_uniq'")
2025-05-20 11:06:12,795 [WARNING] Gate API请求失败 (1/3): HTTP 400, 耗时: 0.66秒, URL: https://api.gateio.ws/api/v4/futures/usdt/funding_rate
2025-05-20 11:06:12,797 [WARNING] 响应内容: {"label":"CONTRACT_NOT_FOUND"}
2025-05-20 11:06:14,502 [WARNING] Gate API请求失败 (2/3): HTTP 400, 耗时: 0.70秒, URL: https://api.gateio.ws/api/v4/futures/usdt/funding_rate
2025-05-20 11:06:14,502 [WARNING] 响应内容: {"label":"CONTRACT_NOT_FOUND"}
2025-05-20 11:06:16,177 [WARNING] Gate API请求失败 (3/3): HTTP 400, 耗时: 0.67秒, URL: https://api.gateio.ws/api/v4/futures/usdt/funding_rate
2025-05-20 11:06:16,178 [WARNING] 响应内容: {"label":"CONTRACT_NOT_FOUND"}
2025-05-20 11:06:17,179 [ERROR] 在3次尝试后仍无法完成请求: None
2025-05-20 11:06:18,372 [WARNING] 无法获取 ETH5SUSDT 的资金费率，使用默认值
2025-05-20 11:06:18,387 [INFO] 成功更新代币 ETH5S 的技术指标数据，ID: 378
2025-05-20 11:06:21,668 [INFO] 成功更新代币 DEGEN 的技术指标数据，ID: 380
2025-05-20 11:06:24,773 [INFO] 成功更新代币 PLUME 的技术指标数据，ID: 382
2025-05-20 11:06:27,861 [INFO] 成功更新代币 PENDLE 的技术指标数据，ID: 384
2025-05-20 11:06:31,175 [INFO] 成功更新代币 ROAM 的技术指标数据，ID: 386
2025-05-20 11:06:33,075 [WARNING] Gate API请求失败 (1/3): HTTP 400, 耗时: 0.60秒, URL: https://api.gateio.ws/api/v4/futures/usdt/funding_rate
2025-05-20 11:06:33,075 [WARNING] 响应内容: {"label":"CONTRACT_NOT_FOUND"}
2025-05-20 11:06:34,706 [WARNING] Gate API请求失败 (2/3): HTTP 400, 耗时: 0.63秒, URL: https://api.gateio.ws/api/v4/futures/usdt/funding_rate
2025-05-20 11:06:34,706 [WARNING] 响应内容: {"label":"CONTRACT_NOT_FOUND"}
2025-05-20 11:06:36,447 [WARNING] Gate API请求失败 (3/3): HTTP 400, 耗时: 0.74秒, URL: https://api.gateio.ws/api/v4/futures/usdt/funding_rate
2025-05-20 11:06:36,448 [WARNING] 响应内容: {"label":"CONTRACT_NOT_FOUND"}
2025-05-20 11:06:37,454 [ERROR] 在3次尝试后仍无法完成请求: None
2025-05-20 11:06:38,560 [WARNING] 无法获取 SAROSUSDT 的资金费率，使用默认值
2025-05-20 11:06:38,581 [INFO] 成功更新代币 SAROS 的技术指标数据，ID: 388
2025-05-20 11:06:41,756 [INFO] 成功更新代币 EOS 的技术指标数据，ID: 390
2025-05-20 11:06:45,002 [INFO] 成功更新代币 W 的技术指标数据，ID: 392
2025-05-20 11:06:48,073 [INFO] 成功更新代币 ORDI 的技术指标数据，ID: 394
2025-05-20 11:06:51,242 [INFO] 成功更新代币 KAITO 的技术指标数据，ID: 396
2025-05-20 11:06:54,361 [INFO] 成功更新代币 MASK 的技术指标数据，ID: 398
2025-05-20 11:06:56,635 [WARNING] Gate API请求失败 (1/3): HTTP 400, 耗时: 0.74秒, URL: https://api.gateio.ws/api/v4/futures/usdt/funding_rate
2025-05-20 11:06:56,636 [WARNING] 响应内容: {"label":"CONTRACT_NOT_FOUND"}
2025-05-20 11:06:58,429 [WARNING] Gate API请求失败 (2/3): HTTP 400, 耗时: 0.79秒, URL: https://api.gateio.ws/api/v4/futures/usdt/funding_rate
2025-05-20 11:06:58,429 [WARNING] 响应内容: {"label":"CONTRACT_NOT_FOUND"}
2025-05-20 11:07:00,155 [WARNING] Gate API请求失败 (3/3): HTTP 400, 耗时: 0.72秒, URL: https://api.gateio.ws/api/v4/futures/usdt/funding_rate
2025-05-20 11:07:00,155 [WARNING] 响应内容: {"label":"CONTRACT_NOT_FOUND"}
2025-05-20 11:07:01,156 [ERROR] 在3次尝试后仍无法完成请求: None
2025-05-20 11:07:02,327 [WARNING] 无法获取 GALA5LUSDT 的资金费率，使用默认值
2025-05-20 11:07:02,475 [INFO] 成功更新代币 GALA5L 的技术指标数据，ID: 400
2025-05-20 11:07:05,855 [INFO] 成功更新代币 TON 的技术指标数据，ID: 402
2025-05-20 11:07:09,002 [INFO] 成功更新代币 SATS 的技术指标数据，ID: 404
2025-05-20 11:07:12,259 [INFO] 成功更新代币 AVAAI 的技术指标数据，ID: 406
2025-05-20 11:07:15,829 [INFO] 成功更新代币 PENGU 的技术指标数据，ID: 408
2025-05-20 11:07:19,321 [WARNING] 数据量过少(20天)，无法计算高级指标，使用默认值
2025-05-20 11:07:19,321 [WARNING] 指标 ExchangeNetflow 的值无效: nan，使用默认值
2025-05-20 11:07:19,323 [INFO] 成功更新代币 GORK 的技术指标数据，ID: 410
2025-05-20 11:07:22,583 [INFO] 成功更新代币 GRASS 的技术指标数据，ID: 412
2025-05-20 11:07:26,002 [INFO] 成功更新代币 PYTH 的技术指标数据，ID: 414
2025-05-20 11:07:29,004 [INFO] 成功更新代币 DOT 的技术指标数据，ID: 416
2025-05-20 11:07:32,405 [INFO] 成功更新代币 CHILLGUY 的技术指标数据，ID: 418
2025-05-20 11:07:35,390 [INFO] 成功更新代币 ATH 的技术指标数据，ID: 420
2025-05-20 11:07:38,613 [INFO] 成功更新代币 FIL 的技术指标数据，ID: 422
2025-05-20 11:07:40,672 [WARNING] Gate API请求失败 (1/3): HTTP 400, 耗时: 0.63秒, URL: https://api.gateio.ws/api/v4/futures/usdt/funding_rate
2025-05-20 11:07:40,672 [WARNING] 响应内容: {"label":"CONTRACT_NOT_FOUND"}
2025-05-20 11:07:42,321 [WARNING] Gate API请求失败 (2/3): HTTP 400, 耗时: 0.64秒, URL: https://api.gateio.ws/api/v4/futures/usdt/funding_rate
2025-05-20 11:07:42,322 [WARNING] 响应内容: {"label":"CONTRACT_NOT_FOUND"}
2025-05-20 11:07:44,012 [WARNING] Gate API请求失败 (3/3): HTTP 400, 耗时: 0.69秒, URL: https://api.gateio.ws/api/v4/futures/usdt/funding_rate
2025-05-20 11:07:44,013 [WARNING] 响应内容: {"label":"CONTRACT_NOT_FOUND"}
2025-05-20 11:07:45,018 [ERROR] 在3次尝试后仍无法完成请求: None
2025-05-20 11:07:46,101 [WARNING] 无法获取 LGCTUSDT 的资金费率，使用默认值
2025-05-20 11:07:46,125 [INFO] 成功更新代币 LGCT 的技术指标数据，ID: 424
2025-05-20 11:07:49,348 [INFO] 成功更新代币 AVAX 的技术指标数据，ID: 426
2025-05-20 11:07:53,755 [INFO] 成功更新代币 HFT 的技术指标数据，ID: 428
2025-05-20 11:07:57,106 [INFO] 成功更新代币 SUNDOG 的技术指标数据，ID: 430
2025-05-20 11:08:00,682 [INFO] 成功更新代币 IO 的技术指标数据，ID: 432
2025-05-20 11:08:04,014 [INFO] 成功更新代币 ANIME 的技术指标数据，ID: 434
2025-05-20 11:08:04,015 [INFO] 技术指标参数更新任务完成。成功: 93, 失败: 7, 总计: 100
2025-05-20 11:08:04,015 [INFO] 技术指标更新任务执行结果: 技术指标参数更新任务完成。成功: 93, 失败: 7, 总计: 100
2025-05-20 11:08:04,015 [INFO] 等待5秒...
2025-05-20 11:08:09,017 [INFO] 开始执行报告生成任务
2025-05-20 11:08:09,018 [INFO] 开始执行分析报告生成任务
2025-05-20 11:08:09,054 [INFO] 代币 BTC 已有基于最新技术分析数据的英文报告，跳过生成
2025-05-20 11:08:09,059 [INFO] 代币 ETH 已有基于最新技术分析数据的英文报告，跳过生成
2025-05-20 11:08:09,802 [INFO] 没有找到上一份报告，将生成全新的报告
2025-05-20 11:08:09,802 [INFO] 调用 Coze API 创建对话: https://api.coze.com/v3/chat
2025-05-20 11:08:18,903 [INFO] 成功生成代币 SOL 的英文分析报告，ID: 35
2025-05-20 11:08:19,662 [INFO] 没有找到上一份报告，将生成全新的报告
2025-05-20 11:08:19,663 [INFO] 调用 Coze API 创建对话: https://api.coze.com/v3/chat
2025-05-20 11:08:32,292 [INFO] 成功生成代币 PI 的英文分析报告，ID: 37
2025-05-20 11:08:33,039 [INFO] 没有找到上一份报告，将生成全新的报告
2025-05-20 11:08:33,039 [INFO] 调用 Coze API 创建对话: https://api.coze.com/v3/chat
2025-05-20 11:08:46,020 [INFO] 成功生成代币 MOODENG 的英文分析报告，ID: 39
2025-05-20 11:08:46,724 [INFO] 没有找到上一份报告，将生成全新的报告
2025-05-20 11:08:46,725 [INFO] 调用 Coze API 创建对话: https://api.coze.com/v3/chat
2025-05-20 11:08:59,603 [INFO] 成功生成代币 DOGE 的英文分析报告，ID: 41
2025-05-20 11:09:00,323 [INFO] 没有找到上一份报告，将生成全新的报告
2025-05-20 11:09:00,324 [INFO] 调用 Coze API 创建对话: https://api.coze.com/v3/chat
2025-05-20 11:10:46,856 [ERROR] 生成代币 PEPE 的英文分析报告失败
2025-05-20 11:10:46,866 [INFO] 代币 SUI 已有基于最新技术分析数据的英文报告，跳过生成
2025-05-20 11:10:46,868 [WARNING] 代币 DAOLITY 没有技术分析数据，跳过生成报告
2025-05-20 11:10:46,873 [INFO] 代币 USDC 已有基于最新技术分析数据的英文报告，跳过生成
2025-05-20 11:10:46,878 [INFO] 代币 AAVE 已有基于最新技术分析数据的英文报告，跳过生成
2025-05-20 11:10:46,885 [INFO] 代币 XRP 已有基于最新技术分析数据的英文报告，跳过生成
2025-05-20 11:10:46,888 [INFO] 代币 FARTCOIN 已有基于最新技术分析数据的英文报告，跳过生成
2025-05-20 11:10:46,892 [INFO] 代币 EIGEN 已有基于最新技术分析数据的英文报告，跳过生成
2025-05-20 11:10:46,897 [INFO] 代币 VIRTUAL 已有基于最新技术分析数据的英文报告，跳过生成
2025-05-20 11:10:46,899 [WARNING] 代币 NXPC 没有技术分析数据，跳过生成报告
2025-05-20 11:10:47,720 [INFO] 没有找到上一份报告，将生成全新的报告
2025-05-20 11:10:47,720 [INFO] 调用 Coze API 创建对话: https://api.coze.com/v3/chat
2025-05-20 11:11:00,443 [INFO] 成功生成代币 LTC 的英文分析报告，ID: 50
2025-05-20 11:11:01,268 [INFO] 没有找到上一份报告，将生成全新的报告
2025-05-20 11:11:01,268 [INFO] 调用 Coze API 创建对话: https://api.coze.com/v3/chat
2025-05-20 11:11:10,267 [INFO] 成功生成代币 WLD 的英文分析报告，ID: 51
2025-05-20 11:11:10,905 [INFO] 没有找到上一份报告，将生成全新的报告
2025-05-20 11:11:10,905 [INFO] 调用 Coze API 创建对话: https://api.coze.com/v3/chat
2025-05-20 11:11:19,732 [INFO] 成功生成代币 ENA 的英文分析报告，ID: 53
2025-05-20 11:11:20,447 [INFO] 没有找到上一份报告，将生成全新的报告
2025-05-20 11:11:20,448 [INFO] 调用 Coze API 创建对话: https://api.coze.com/v3/chat
2025-05-20 11:13:06,571 [ERROR] 生成代币 TRUMP 的英文分析报告失败
2025-05-20 11:13:06,583 [INFO] 代币 WIF 已有基于最新技术分析数据的英文报告，跳过生成
2025-05-20 11:13:06,586 [INFO] 代币 AI16Z 已有基于最新技术分析数据的英文报告，跳过生成
2025-05-20 11:13:06,588 [INFO] 代币 NEIROCTO 已有基于最新技术分析数据的英文报告，跳过生成
2025-05-20 11:13:07,402 [INFO] 没有找到上一份报告，将生成全新的报告
2025-05-20 11:13:07,402 [INFO] 调用 Coze API 创建对话: https://api.coze.com/v3/chat
2025-05-20 11:13:16,574 [INFO] 成功生成代币 OP 的英文分析报告，ID: 59
2025-05-20 11:13:17,445 [INFO] 没有找到上一份报告，将生成全新的报告
2025-05-20 11:13:17,446 [INFO] 调用 Coze API 创建对话: https://api.coze.com/v3/chat
2025-05-20 11:13:30,620 [INFO] 成功生成代币 KAS 的英文分析报告，ID: 60
2025-05-20 11:13:31,449 [INFO] 没有找到上一份报告，将生成全新的报告
2025-05-20 11:13:31,450 [INFO] 调用 Coze API 创建对话: https://api.coze.com/v3/chat
2025-05-20 11:13:44,479 [INFO] 成功生成代币 INJ 的英文分析报告，ID: 61
2025-05-20 11:13:44,481 [WARNING] 代币 GNC 没有技术分析数据，跳过生成报告
2025-05-20 11:13:45,129 [INFO] 没有找到上一份报告，将生成全新的报告
2025-05-20 11:13:45,130 [INFO] 调用 Coze API 创建对话: https://api.coze.com/v3/chat
2025-05-20 11:13:57,841 [INFO] 成功生成代币 SONIC 的英文分析报告，ID: 62
2025-05-20 11:13:58,634 [INFO] 没有找到上一份报告，将生成全新的报告
2025-05-20 11:13:58,635 [INFO] 调用 Coze API 创建对话: https://api.coze.com/v3/chat
2025-05-20 11:14:11,867 [INFO] 成功生成代币 ETHFI 的英文分析报告，ID: 64
2025-05-20 11:14:12,661 [INFO] 没有找到上一份报告，将生成全新的报告
2025-05-20 11:14:12,661 [INFO] 调用 Coze API 创建对话: https://api.coze.com/v3/chat
2025-05-20 11:14:26,337 [INFO] 成功生成代币 GOAT 的英文分析报告，ID: 65
2025-05-20 11:14:26,340 [WARNING] 代币 LAUNCHCOIN 没有技术分析数据，跳过生成报告
2025-05-20 11:14:27,199 [INFO] 没有找到上一份报告，将生成全新的报告
2025-05-20 11:14:27,200 [INFO] 调用 Coze API 创建对话: https://api.coze.com/v3/chat
2025-05-20 11:16:13,307 [ERROR] 生成代币 DOGE5L 的英文分析报告失败
2025-05-20 11:16:13,979 [INFO] 没有找到上一份报告，将生成全新的报告
2025-05-20 11:16:13,980 [INFO] 调用 Coze API 创建对话: https://api.coze.com/v3/chat
2025-05-20 11:18:06,898 [ERROR] 生成代币 ONDO 的英文分析报告失败
2025-05-20 11:18:07,569 [INFO] 没有找到上一份报告，将生成全新的报告
2025-05-20 11:18:07,570 [INFO] 调用 Coze API 创建对话: https://api.coze.com/v3/chat
2025-05-20 11:18:17,659 [INFO] 成功生成代币 PROMPT 的英文分析报告，ID: 67
2025-05-20 11:18:18,480 [INFO] 没有找到上一份报告，将生成全新的报告
2025-05-20 11:18:18,480 [INFO] 调用 Coze API 创建对话: https://api.coze.com/v3/chat
2025-05-20 11:18:31,407 [INFO] 成功生成代币 ADA 的英文分析报告，ID: 69
2025-05-20 11:18:32,121 [INFO] 没有找到上一份报告，将生成全新的报告
2025-05-20 11:18:32,121 [INFO] 调用 Coze API 创建对话: https://api.coze.com/v3/chat
2025-05-20 11:18:45,741 [INFO] 成功生成代币 HBAR 的英文分析报告，ID: 71
2025-05-20 11:18:46,404 [INFO] 没有找到上一份报告，将生成全新的报告
2025-05-20 11:18:46,405 [INFO] 调用 Coze API 创建对话: https://api.coze.com/v3/chat
2025-05-20 11:18:55,831 [INFO] 成功生成代币 ARB 的英文分析报告，ID: 73
2025-05-20 11:18:56,567 [INFO] 没有找到上一份报告，将生成全新的报告
2025-05-20 11:18:56,567 [INFO] 调用 Coze API 创建对话: https://api.coze.com/v3/chat
2025-05-20 11:19:06,173 [INFO] 成功生成代币 FET 的英文分析报告，ID: 75
2025-05-20 11:19:06,995 [INFO] 没有找到上一份报告，将生成全新的报告
2025-05-20 11:19:06,995 [INFO] 调用 Coze API 创建对话: https://api.coze.com/v3/chat
2025-05-20 11:19:19,598 [INFO] 成功生成代币 NEAR 的英文分析报告，ID: 77
2025-05-20 11:19:20,433 [INFO] 没有找到上一份报告，将生成全新的报告
2025-05-20 11:19:20,433 [INFO] 调用 Coze API 创建对话: https://api.coze.com/v3/chat
2025-05-20 11:19:33,146 [INFO] 成功生成代币 LINK 的英文分析报告，ID: 79
2025-05-20 11:19:34,031 [INFO] 没有找到上一份报告，将生成全新的报告
2025-05-20 11:19:34,032 [INFO] 调用 Coze API 创建对话: https://api.coze.com/v3/chat
2025-05-20 11:19:43,117 [INFO] 成功生成代币 REX 的英文分析报告，ID: 80
2025-05-20 11:19:43,891 [INFO] 没有找到上一份报告，将生成全新的报告
2025-05-20 11:19:43,892 [INFO] 调用 Coze API 创建对话: https://api.coze.com/v3/chat
2025-05-20 11:21:29,435 [ERROR] 生成代币 TAO 的英文分析报告失败
2025-05-20 11:21:30,144 [INFO] 没有找到上一份报告，将生成全新的报告
2025-05-20 11:21:30,144 [INFO] 调用 Coze API 创建对话: https://api.coze.com/v3/chat
2025-05-20 11:21:39,215 [INFO] 成功生成代币 MUBARAK 的英文分析报告，ID: 83
2025-05-20 11:21:39,868 [INFO] 没有找到上一份报告，将生成全新的报告
2025-05-20 11:21:39,868 [INFO] 调用 Coze API 创建对话: https://api.coze.com/v3/chat
2025-05-20 11:23:26,563 [ERROR] 生成代币 POPCAT 的英文分析报告失败
2025-05-20 11:23:27,372 [INFO] 找到上一份报告 ID: 85，时间: 2025-05-20 11:23:12.820363+00:00，将进行自我修复
2025-05-20 11:23:27,375 [INFO] 已构建优化提示词，包含上一份报告的内容和技术指标变化
2025-05-20 11:23:27,376 [INFO] 调用 Coze API 创建对话: https://api.coze.com/v3/chat
2025-05-20 11:23:40,227 [INFO] 成功生成代币 TURBO 的英文分析报告，ID: 87
2025-05-20 11:23:40,231 [INFO] 代币 WCT 已有基于最新技术分析数据的英文报告，跳过生成
2025-05-20 11:23:40,936 [INFO] 没有找到上一份报告，将生成全新的报告
2025-05-20 11:23:40,937 [INFO] 调用 Coze API 创建对话: https://api.coze.com/v3/chat
2025-05-20 11:23:54,359 [INFO] 成功生成代币 GALA 的英文分析报告，ID: 89
2025-05-20 11:23:55,027 [INFO] 没有找到上一份报告，将生成全新的报告
2025-05-20 11:23:55,028 [INFO] 调用 Coze API 创建对话: https://api.coze.com/v3/chat
2025-05-20 11:24:04,636 [INFO] 成功生成代币 TRX 的英文分析报告，ID: 90
2025-05-20 11:24:05,311 [INFO] 没有找到上一份报告，将生成全新的报告
2025-05-20 11:24:05,312 [INFO] 调用 Coze API 创建对话: https://api.coze.com/v3/chat
2025-05-20 11:24:17,913 [INFO] 成功生成代币 DEEP 的英文分析报告，ID: 91
2025-05-20 11:24:18,603 [INFO] 没有找到上一份报告，将生成全新的报告
2025-05-20 11:24:18,603 [INFO] 调用 Coze API 创建对话: https://api.coze.com/v3/chat
2025-05-20 11:24:31,594 [INFO] 成功生成代币 UNI 的英文分析报告，ID: 92
2025-05-20 11:24:31,596 [WARNING] 代币 VELAAI 没有技术分析数据，跳过生成报告
2025-05-20 11:24:32,261 [INFO] 没有找到上一份报告，将生成全新的报告
2025-05-20 11:24:32,261 [INFO] 调用 Coze API 创建对话: https://api.coze.com/v3/chat
2025-05-20 11:24:45,329 [INFO] 成功生成代币 BUZZ 的英文分析报告，ID: 93
2025-05-20 11:24:45,992 [INFO] 没有找到上一份报告，将生成全新的报告
2025-05-20 11:24:45,993 [INFO] 调用 Coze API 创建对话: https://api.coze.com/v3/chat
2025-05-20 11:24:58,769 [INFO] 成功生成代币 NUMI 的英文分析报告，ID: 94
2025-05-20 11:24:59,504 [INFO] 没有找到上一份报告，将生成全新的报告
2025-05-20 11:24:59,505 [INFO] 调用 Coze API 创建对话: https://api.coze.com/v3/chat
2025-05-20 11:25:12,334 [INFO] 成功生成代币 SYRUP 的英文分析报告，ID: 95
2025-05-20 11:25:13,028 [INFO] 没有找到上一份报告，将生成全新的报告
2025-05-20 11:25:13,029 [INFO] 调用 Coze API 创建对话: https://api.coze.com/v3/chat
2025-05-20 11:25:25,823 [INFO] 成功生成代币 XAI 的英文分析报告，ID: 96
2025-05-20 11:25:27,776 [INFO] 没有找到上一份报告，将生成全新的报告
2025-05-20 11:25:27,777 [INFO] 调用 Coze API 创建对话: https://api.coze.com/v3/chat
2025-05-20 11:25:37,290 [INFO] 成功生成代币 INIT 的英文分析报告，ID: 97
2025-05-20 11:25:37,974 [INFO] 没有找到上一份报告，将生成全新的报告
2025-05-20 11:25:37,975 [INFO] 调用 Coze API 创建对话: https://api.coze.com/v3/chat
2025-05-20 11:25:50,710 [INFO] 成功生成代币 NEIROETH 的英文分析报告，ID: 99
2025-05-20 11:25:51,468 [INFO] 没有找到上一份报告，将生成全新的报告
2025-05-20 11:25:51,469 [INFO] 调用 Coze API 创建对话: https://api.coze.com/v3/chat
2025-05-20 11:26:04,255 [INFO] 成功生成代币 CRV 的英文分析报告，ID: 101
2025-05-20 11:26:04,896 [INFO] 没有找到上一份报告，将生成全新的报告
2025-05-20 11:26:04,897 [INFO] 调用 Coze API 创建对话: https://api.coze.com/v3/chat
2025-05-20 11:26:13,897 [INFO] 成功生成代币 HYPE 的英文分析报告，ID: 102
2025-05-20 11:26:14,549 [INFO] 没有找到上一份报告，将生成全新的报告
2025-05-20 11:26:14,549 [INFO] 调用 Coze API 创建对话: https://api.coze.com/v3/chat
2025-05-20 11:26:23,836 [INFO] 成功生成代币 BNB 的英文分析报告，ID: 103
2025-05-20 11:26:24,481 [INFO] 没有找到上一份报告，将生成全新的报告
2025-05-20 11:26:24,482 [INFO] 调用 Coze API 创建对话: https://api.coze.com/v3/chat
2025-05-20 11:26:34,288 [INFO] 成功生成代币 PNUT 的英文分析报告，ID: 104
2025-05-20 11:26:34,975 [INFO] 没有找到上一份报告，将生成全新的报告
2025-05-20 11:26:34,975 [INFO] 调用 Coze API 创建对话: https://api.coze.com/v3/chat
2025-05-20 11:26:47,776 [INFO] 成功生成代币 SNAKEAI 的英文分析报告，ID: 105
2025-05-20 11:26:48,507 [INFO] 没有找到上一份报告，将生成全新的报告
2025-05-20 11:26:48,508 [INFO] 调用 Coze API 创建对话: https://api.coze.com/v3/chat
2025-05-20 11:26:57,387 [INFO] 成功生成代币 COW 的英文分析报告，ID: 106
2025-05-20 11:26:58,057 [INFO] 没有找到上一份报告，将生成全新的报告
2025-05-20 11:26:58,057 [INFO] 调用 Coze API 创建对话: https://api.coze.com/v3/chat
2025-05-20 11:27:11,279 [INFO] 成功生成代币 BRETT 的英文分析报告，ID: 107
2025-05-20 11:27:11,988 [INFO] 没有找到上一份报告，将生成全新的报告
2025-05-20 11:27:11,989 [INFO] 调用 Coze API 创建对话: https://api.coze.com/v3/chat
2025-05-20 11:27:24,807 [INFO] 成功生成代币 BOME 的英文分析报告，ID: 108
2025-05-20 11:27:25,475 [INFO] 没有找到上一份报告，将生成全新的报告
2025-05-20 11:27:25,476 [INFO] 调用 Coze API 创建对话: https://api.coze.com/v3/chat
2025-05-20 11:27:35,056 [INFO] 成功生成代币 ETH5L 的英文分析报告，ID: 109
2025-05-20 11:27:35,846 [INFO] 没有找到上一份报告，将生成全新的报告
2025-05-20 11:27:35,846 [INFO] 调用 Coze API 创建对话: https://api.coze.com/v3/chat
2025-05-20 11:27:47,314 [INFO] 成功生成代币 PEOPLE 的英文分析报告，ID: 110
2025-05-20 11:27:48,121 [INFO] 没有找到上一份报告，将生成全新的报告
2025-05-20 11:27:48,122 [INFO] 调用 Coze API 创建对话: https://api.coze.com/v3/chat
2025-05-20 11:28:01,683 [INFO] 成功生成代币 BONK 的英文分析报告，ID: 112
2025-05-20 11:28:02,341 [INFO] 没有找到上一份报告，将生成全新的报告
2025-05-20 11:28:02,342 [INFO] 调用 Coze API 创建对话: https://api.coze.com/v3/chat
2025-05-20 11:28:15,625 [INFO] 成功生成代币 SKYAI 的英文分析报告，ID: 114
2025-05-20 11:28:16,472 [INFO] 没有找到上一份报告，将生成全新的报告
2025-05-20 11:28:16,473 [INFO] 调用 Coze API 创建对话: https://api.coze.com/v3/chat
2025-05-20 11:28:29,796 [INFO] 成功生成代币 LDO 的英文分析报告，ID: 116
2025-05-20 11:28:30,579 [INFO] 没有找到上一份报告，将生成全新的报告
2025-05-20 11:28:30,579 [INFO] 调用 Coze API 创建对话: https://api.coze.com/v3/chat
2025-05-20 11:28:43,284 [INFO] 成功生成代币 ARKM 的英文分析报告，ID: 117
2025-05-20 11:28:44,042 [INFO] 没有找到上一份报告，将生成全新的报告
2025-05-20 11:28:44,042 [INFO] 调用 Coze API 创建对话: https://api.coze.com/v3/chat
2025-05-20 11:28:57,446 [INFO] 成功生成代币 ETH5S 的英文分析报告，ID: 118
2025-05-20 11:28:58,150 [INFO] 没有找到上一份报告，将生成全新的报告
2025-05-20 11:28:58,151 [INFO] 调用 Coze API 创建对话: https://api.coze.com/v3/chat
2025-05-20 11:29:11,176 [INFO] 成功生成代币 DEGEN 的英文分析报告，ID: 119
2025-05-20 11:29:11,854 [INFO] 没有找到上一份报告，将生成全新的报告
2025-05-20 11:29:11,855 [INFO] 调用 Coze API 创建对话: https://api.coze.com/v3/chat
2025-05-20 11:29:24,677 [INFO] 成功生成代币 PLUME 的英文分析报告，ID: 120
2025-05-20 11:29:25,380 [INFO] 没有找到上一份报告，将生成全新的报告
2025-05-20 11:29:25,381 [INFO] 调用 Coze API 创建对话: https://api.coze.com/v3/chat
2025-05-20 11:31:12,904 [ERROR] 生成代币 PENDLE 的英文分析报告失败
2025-05-20 11:31:12,916 [INFO] 代币 ROAM 已有基于最新技术分析数据的英文报告，跳过生成
2025-05-20 11:31:12,921 [INFO] 代币 SAROS 已有基于最新技术分析数据的英文报告，跳过生成
2025-05-20 11:31:12,926 [INFO] 代币 EOS 已有基于最新技术分析数据的英文报告，跳过生成
2025-05-20 11:31:13,704 [INFO] 没有找到上一份报告，将生成全新的报告
2025-05-20 11:31:13,705 [INFO] 调用 Coze API 创建对话: https://api.coze.com/v3/chat
2025-05-20 11:31:26,651 [INFO] 成功生成代币 W 的英文分析报告，ID: 126
2025-05-20 11:31:27,490 [INFO] 没有找到上一份报告，将生成全新的报告
2025-05-20 11:31:27,491 [INFO] 调用 Coze API 创建对话: https://api.coze.com/v3/chat
2025-05-20 11:33:12,123 [ERROR] 生成代币 ORDI 的英文分析报告失败
2025-05-20 11:33:12,778 [INFO] 没有找到上一份报告，将生成全新的报告
2025-05-20 11:33:12,778 [INFO] 调用 Coze API 创建对话: https://api.coze.com/v3/chat
2025-05-20 11:33:21,635 [INFO] 成功生成代币 KAITO 的英文分析报告，ID: 128
2025-05-20 11:33:22,405 [INFO] 没有找到上一份报告，将生成全新的报告
2025-05-20 11:33:22,405 [INFO] 调用 Coze API 创建对话: https://api.coze.com/v3/chat
2025-05-20 11:33:35,096 [INFO] 成功生成代币 MASK 的英文分析报告，ID: 130
2025-05-20 11:33:35,815 [INFO] 没有找到上一份报告，将生成全新的报告
2025-05-20 11:33:35,815 [INFO] 调用 Coze API 创建对话: https://api.coze.com/v3/chat
2025-05-20 11:35:21,100 [ERROR] 生成代币 GALA5L 的英文分析报告失败
2025-05-20 11:35:21,841 [INFO] 没有找到上一份报告，将生成全新的报告
2025-05-20 11:35:21,841 [INFO] 调用 Coze API 创建对话: https://api.coze.com/v3/chat
2025-05-20 11:35:34,618 [INFO] 成功生成代币 TON 的英文分析报告，ID: 132
2025-05-20 11:35:35,263 [INFO] 没有找到上一份报告，将生成全新的报告
2025-05-20 11:35:35,264 [INFO] 调用 Coze API 创建对话: https://api.coze.com/v3/chat
2025-05-20 11:35:48,614 [INFO] 成功生成代币 SATS 的英文分析报告，ID: 134
2025-05-20 11:35:49,402 [INFO] 没有找到上一份报告，将生成全新的报告
2025-05-20 11:35:49,403 [INFO] 调用 Coze API 创建对话: https://api.coze.com/v3/chat
2025-05-20 11:36:02,647 [INFO] 成功生成代币 AVAAI 的英文分析报告，ID: 136
2025-05-20 11:36:03,377 [INFO] 没有找到上一份报告，将生成全新的报告
2025-05-20 11:36:03,378 [INFO] 调用 Coze API 创建对话: https://api.coze.com/v3/chat
2025-05-20 11:36:16,079 [INFO] 成功生成代币 PENGU 的英文分析报告，ID: 138
2025-05-20 11:36:16,743 [INFO] 没有找到上一份报告，将生成全新的报告
2025-05-20 11:36:16,744 [INFO] 调用 Coze API 创建对话: https://api.coze.com/v3/chat
2025-05-20 11:38:03,090 [ERROR] 生成代币 GORK 的英文分析报告失败
2025-05-20 11:38:03,103 [INFO] 代币 GRASS 已有基于最新技术分析数据的英文报告，跳过生成
2025-05-20 11:38:03,109 [INFO] 代币 PYTH 已有基于最新技术分析数据的英文报告，跳过生成
2025-05-20 11:38:03,114 [INFO] 代币 DOT 已有基于最新技术分析数据的英文报告，跳过生成
2025-05-20 11:38:03,118 [INFO] 代币 CHILLGUY 已有基于最新技术分析数据的英文报告，跳过生成
2025-05-20 11:38:03,122 [INFO] 代币 ATH 已有基于最新技术分析数据的英文报告，跳过生成
2025-05-20 11:38:03,127 [INFO] 代币 FIL 已有基于最新技术分析数据的英文报告，跳过生成
2025-05-20 11:38:03,883 [INFO] 没有找到上一份报告，将生成全新的报告
2025-05-20 11:38:03,883 [INFO] 调用 Coze API 创建对话: https://api.coze.com/v3/chat
2025-05-20 11:39:50,391 [ERROR] 生成代币 LGCT 的英文分析报告失败
2025-05-20 11:39:50,404 [INFO] 代币 AVAX 已有基于最新技术分析数据的英文报告，跳过生成
2025-05-20 11:39:50,409 [INFO] 代币 HFT 已有基于最新技术分析数据的英文报告，跳过生成
2025-05-20 11:39:50,415 [INFO] 代币 SUNDOG 已有基于最新技术分析数据的英文报告，跳过生成
2025-05-20 11:39:50,420 [INFO] 代币 IO 已有基于最新技术分析数据的英文报告，跳过生成
2025-05-20 11:39:50,426 [INFO] 代币 ANIME 已有基于最新技术分析数据的英文报告，跳过生成
2025-05-20 11:39:50,426 [INFO] 分析报告生成任务完成。成功: 57, 失败: 11, 总计: 100
2025-05-20 11:39:50,426 [INFO] 报告生成任务执行结果: 分析报告生成任务完成。成功: 57, 失败: 11, 总计: 100
2025-05-20 11:39:50,426 [INFO] 任务执行完成，总耗时: 2265.60秒
2025-05-20 11:39:50,427 [INFO] 脚本执行结束
